log4j1 : 2016-09-01 16:12:53 main |  |  |  | INFO  | org.hibernate.cfg.Environment:560 | - Hibernate 3.3.2.GA
log4j1 : 2016-09-01 16:12:53 main |  |  |  | INFO  | org.hibernate.cfg.Environment:593 | - hibernate.properties not found
log4j1 : 2016-09-01 16:12:53 main |  |  |  | INFO  | org.hibernate.cfg.Environment:771 | - Bytecode provider name : javassist
log4j1 : 2016-09-01 16:12:53 main |  |  |  | INFO  | org.hibernate.cfg.Environment:652 | - using JDK 1.4 java.sql.Timestamp handling
log4j1 : 2016-09-01 16:12:53 main |  |  |  | INFO  | org.hibernate.cfg.Configuration:1508 | - configuring from file: hibernate.cfg.xml
log4j1 : 2016-09-01 16:12:53 main |  |  |  | INFO  | org.hibernate.cfg.Configuration:600 | - Reading mappings from resource : com/baseframework/config/hibernate/User.hbm.xml
log4j1 : 2016-09-01 16:12:53 main |  |  |  | INFO  | org.hibernate.cfg.HbmBinder:322 | - Mapping class: com.baseframework.domain.security.core.userdetails.User -> USER
log4j1 : 2016-09-01 16:12:53 main |  |  |  | INFO  | org.hibernate.cfg.Configuration:600 | - Reading mappings from resource : com/baseframework/config/hibernate/Role.hbm.xml
log4j1 : 2016-09-01 16:12:53 main |  |  |  | INFO  | org.hibernate.cfg.HbmBinder:322 | - Mapping class: com.baseframework.domain.security.access.Role -> ROLE
log4j1 : 2016-09-01 16:12:53 main |  |  |  | INFO  | org.hibernate.cfg.HbmBinder:1441 | - Mapping collection: com.baseframework.domain.security.access.Role.functions -> PERMISSION
log4j1 : 2016-09-01 16:12:53 main |  |  |  | INFO  | org.hibernate.cfg.Configuration:600 | - Reading mappings from resource : com/baseframework/config/hibernate/Module.hbm.xml
log4j1 : 2016-09-01 16:12:53 main |  |  |  | INFO  | org.hibernate.cfg.HbmBinder:322 | - Mapping class: com.baseframework.domain.security.access.Module -> MODULE
log4j1 : 2016-09-01 16:12:53 main |  |  |  | INFO  | org.hibernate.cfg.Configuration:600 | - Reading mappings from resource : com/baseframework/config/hibernate/Function.hbm.xml
log4j1 : 2016-09-01 16:12:53 main |  |  |  | INFO  | org.hibernate.cfg.HbmBinder:322 | - Mapping class: com.baseframework.domain.security.access.Function -> function
log4j1 : 2016-09-01 16:12:53 main |  |  |  | INFO  | org.hibernate.cfg.Configuration:600 | - Reading mappings from resource : com/baseframework/config/hibernate/Authenticate.hbm.xml
log4j1 : 2016-09-01 16:12:53 main |  |  |  | INFO  | org.hibernate.cfg.HbmBinder:322 | - Mapping class: com.baseframework.domain.security.access.Authenticate -> PERMISSION
log4j1 : 2016-09-01 16:12:53 main |  |  |  | INFO  | org.hibernate.cfg.Configuration:1589 | - Configured SessionFactory: null
log4j1 : 2016-09-01 16:12:53 main |  |  |  | INFO  | org.hibernate.cfg.HbmBinder:2404 | - Mapping collection: com.baseframework.domain.security.access.Module.functions -> function
log4j1 : 2016-09-01 16:12:53 main |  |  |  | INFO  | org.hibernate.util.NamingHelper:49 | - JNDI InitialContext properties:{}
log4j1 : 2016-09-01 16:12:53 main |  |  |  | ERROR | org.hibernate.connection.DatasourceConnectionProvider:78 | - Could not find datasource: testDS
javax.naming.NoInitialContextException: Need to specify class name in environment or system property, or as an applet parameter, or in an application resource file:  java.naming.factory.initial
	at javax.naming.spi.NamingManager.getInitialContext(NamingManager.java:662)
	at javax.naming.InitialContext.getDefaultInitCtx(InitialContext.java:313)
	at javax.naming.InitialContext.getURLOrDefaultInitCtx(InitialContext.java:350)
	at javax.naming.InitialContext.lookup(InitialContext.java:417)
	at org.hibernate.connection.DatasourceConnectionProvider.configure(DatasourceConnectionProvider.java:75)
	at org.hibernate.connection.ConnectionProviderFactory.newConnectionProvider(ConnectionProviderFactory.java:137)
	at org.hibernate.connection.ConnectionProviderFactory.newConnectionProvider(ConnectionProviderFactory.java:79)
	at org.hibernate.cfg.SettingsFactory.createConnectionProvider(SettingsFactory.java:425)
	at org.hibernate.cfg.SettingsFactory.buildSettings(SettingsFactory.java:89)
	at org.hibernate.cfg.Configuration.buildSettingsInternal(Configuration.java:2119)
	at org.hibernate.cfg.Configuration.buildSettings(Configuration.java:2115)
	at org.hibernate.cfg.Configuration.buildSessionFactory(Configuration.java:1339)
	at hibernate.HelloHibernate.processHibernate(HelloHibernate.java:79)
	at hibernate.HelloHibernate.main(HelloHibernate.java:47)
log4j1 : 2016-09-01 16:55:51 main |  |  |  | INFO  | org.hibernate.cfg.Environment:560 | - Hibernate 3.3.2.GA
log4j1 : 2016-09-01 16:55:51 main |  |  |  | INFO  | org.hibernate.cfg.Environment:593 | - hibernate.properties not found
log4j1 : 2016-09-01 16:55:51 main |  |  |  | INFO  | org.hibernate.cfg.Environment:771 | - Bytecode provider name : javassist
log4j1 : 2016-09-01 16:55:51 main |  |  |  | INFO  | org.hibernate.cfg.Environment:652 | - using JDK 1.4 java.sql.Timestamp handling
log4j1 : 2016-09-01 16:55:51 main |  |  |  | INFO  | org.hibernate.cfg.Configuration:1508 | - configuring from file: hibernate.cfg.xml
log4j1 : 2016-09-01 16:55:51 main |  |  |  | INFO  | org.hibernate.cfg.Configuration:600 | - Reading mappings from resource : com/baseframework/config/hibernate/User.hbm.xml
log4j1 : 2016-09-01 16:55:51 main |  |  |  | INFO  | org.hibernate.cfg.HbmBinder:322 | - Mapping class: com.baseframework.domain.security.core.userdetails.User -> USER
log4j1 : 2016-09-01 16:55:51 main |  |  |  | INFO  | org.hibernate.cfg.Configuration:600 | - Reading mappings from resource : com/baseframework/config/hibernate/Role.hbm.xml
log4j1 : 2016-09-01 16:55:51 main |  |  |  | INFO  | org.hibernate.cfg.HbmBinder:322 | - Mapping class: com.baseframework.domain.security.access.Role -> ROLE
log4j1 : 2016-09-01 16:55:51 main |  |  |  | INFO  | org.hibernate.cfg.HbmBinder:1441 | - Mapping collection: com.baseframework.domain.security.access.Role.functions -> PERMISSION
log4j1 : 2016-09-01 16:55:51 main |  |  |  | INFO  | org.hibernate.cfg.Configuration:600 | - Reading mappings from resource : com/baseframework/config/hibernate/Module.hbm.xml
log4j1 : 2016-09-01 16:55:51 main |  |  |  | INFO  | org.hibernate.cfg.HbmBinder:322 | - Mapping class: com.baseframework.domain.security.access.Module -> MODULE
log4j1 : 2016-09-01 16:55:51 main |  |  |  | INFO  | org.hibernate.cfg.Configuration:600 | - Reading mappings from resource : com/baseframework/config/hibernate/Function.hbm.xml
log4j1 : 2016-09-01 16:55:51 main |  |  |  | INFO  | org.hibernate.cfg.HbmBinder:322 | - Mapping class: com.baseframework.domain.security.access.Function -> function
log4j1 : 2016-09-01 16:55:51 main |  |  |  | INFO  | org.hibernate.cfg.Configuration:600 | - Reading mappings from resource : com/baseframework/config/hibernate/Authenticate.hbm.xml
log4j1 : 2016-09-01 16:55:51 main |  |  |  | INFO  | org.hibernate.cfg.HbmBinder:322 | - Mapping class: com.baseframework.domain.security.access.Authenticate -> PERMISSION
log4j1 : 2016-09-01 16:55:51 main |  |  |  | INFO  | org.hibernate.cfg.Configuration:1589 | - Configured SessionFactory: null
log4j1 : 2016-09-01 16:55:51 main |  |  |  | INFO  | org.hibernate.cfg.HbmBinder:2404 | - Mapping collection: com.baseframework.domain.security.access.Module.functions -> function
log4j1 : 2016-09-01 16:55:51 main |  |  |  | INFO  | org.hibernate.util.NamingHelper:49 | - JNDI InitialContext properties:{}
log4j1 : 2016-09-01 16:55:51 main |  |  |  | ERROR | org.hibernate.util.NamingHelper:56 | - Could not obtain initial context
javax.naming.NoInitialContextException: Cannot instantiate class: org.eclipse.jetty.jndi.InitialContextFactory [Root exception is java.lang.ClassNotFoundException: org.eclipse.jetty.jndi.InitialContextFactory]
	at javax.naming.spi.NamingManager.getInitialContext(NamingManager.java:674)
	at javax.naming.InitialContext.getDefaultInitCtx(InitialContext.java:313)
	at javax.naming.InitialContext.init(InitialContext.java:244)
	at javax.naming.InitialContext.<init>(InitialContext.java:192)
	at org.hibernate.util.NamingHelper.getInitialContext(NamingHelper.java:51)
	at org.hibernate.connection.DatasourceConnectionProvider.configure(DatasourceConnectionProvider.java:75)
	at org.hibernate.connection.ConnectionProviderFactory.newConnectionProvider(ConnectionProviderFactory.java:137)
	at org.hibernate.connection.ConnectionProviderFactory.newConnectionProvider(ConnectionProviderFactory.java:79)
	at org.hibernate.cfg.SettingsFactory.createConnectionProvider(SettingsFactory.java:425)
	at org.hibernate.cfg.SettingsFactory.buildSettings(SettingsFactory.java:89)
	at org.hibernate.cfg.Configuration.buildSettingsInternal(Configuration.java:2119)
	at org.hibernate.cfg.Configuration.buildSettings(Configuration.java:2115)
	at org.hibernate.cfg.Configuration.buildSessionFactory(Configuration.java:1339)
	at hibernate.HelloHibernate.processHibernate(HelloHibernate.java:86)
	at hibernate.HelloHibernate.main(HelloHibernate.java:54)
Caused by: java.lang.ClassNotFoundException: org.eclipse.jetty.jndi.InitialContextFactory
	at java.net.URLClassLoader.findClass(URLClassLoader.java:381)
	at java.lang.ClassLoader.loadClass(ClassLoader.java:424)
	at sun.misc.Launcher$AppClassLoader.loadClass(Launcher.java:331)
	at java.lang.ClassLoader.loadClass(ClassLoader.java:357)
	at java.lang.Class.forName0(Native Method)
	at java.lang.Class.forName(Class.java:348)
	at com.sun.naming.internal.VersionHelper12.loadClass(VersionHelper12.java:72)
	at com.sun.naming.internal.VersionHelper12.loadClass(VersionHelper12.java:61)
	at javax.naming.spi.NamingManager.getInitialContext(NamingManager.java:672)
	... 14 more
log4j1 : 2016-09-01 16:55:51 main |  |  |  | ERROR | org.hibernate.connection.DatasourceConnectionProvider:78 | - Could not find datasource: testDS
javax.naming.NoInitialContextException: Cannot instantiate class: org.eclipse.jetty.jndi.InitialContextFactory [Root exception is java.lang.ClassNotFoundException: org.eclipse.jetty.jndi.InitialContextFactory]
	at javax.naming.spi.NamingManager.getInitialContext(NamingManager.java:674)
	at javax.naming.InitialContext.getDefaultInitCtx(InitialContext.java:313)
	at javax.naming.InitialContext.init(InitialContext.java:244)
	at javax.naming.InitialContext.<init>(InitialContext.java:192)
	at org.hibernate.util.NamingHelper.getInitialContext(NamingHelper.java:51)
	at org.hibernate.connection.DatasourceConnectionProvider.configure(DatasourceConnectionProvider.java:75)
	at org.hibernate.connection.ConnectionProviderFactory.newConnectionProvider(ConnectionProviderFactory.java:137)
	at org.hibernate.connection.ConnectionProviderFactory.newConnectionProvider(ConnectionProviderFactory.java:79)
	at org.hibernate.cfg.SettingsFactory.createConnectionProvider(SettingsFactory.java:425)
	at org.hibernate.cfg.SettingsFactory.buildSettings(SettingsFactory.java:89)
	at org.hibernate.cfg.Configuration.buildSettingsInternal(Configuration.java:2119)
	at org.hibernate.cfg.Configuration.buildSettings(Configuration.java:2115)
	at org.hibernate.cfg.Configuration.buildSessionFactory(Configuration.java:1339)
	at hibernate.HelloHibernate.processHibernate(HelloHibernate.java:86)
	at hibernate.HelloHibernate.main(HelloHibernate.java:54)
Caused by: java.lang.ClassNotFoundException: org.eclipse.jetty.jndi.InitialContextFactory
	at java.net.URLClassLoader.findClass(URLClassLoader.java:381)
	at java.lang.ClassLoader.loadClass(ClassLoader.java:424)
	at sun.misc.Launcher$AppClassLoader.loadClass(Launcher.java:331)
	at java.lang.ClassLoader.loadClass(ClassLoader.java:357)
	at java.lang.Class.forName0(Native Method)
	at java.lang.Class.forName(Class.java:348)
	at com.sun.naming.internal.VersionHelper12.loadClass(VersionHelper12.java:72)
	at com.sun.naming.internal.VersionHelper12.loadClass(VersionHelper12.java:61)
	at javax.naming.spi.NamingManager.getInitialContext(NamingManager.java:672)
	... 14 more
log4j1 : 2016-09-01 17:02:32 main |  |  |  | INFO  | org.hibernate.cfg.Environment:560 | - Hibernate 3.3.2.GA
log4j1 : 2016-09-01 17:02:32 main |  |  |  | INFO  | org.hibernate.cfg.Environment:593 | - hibernate.properties not found
log4j1 : 2016-09-01 17:02:32 main |  |  |  | INFO  | org.hibernate.cfg.Environment:771 | - Bytecode provider name : javassist
log4j1 : 2016-09-01 17:02:32 main |  |  |  | INFO  | org.hibernate.cfg.Environment:652 | - using JDK 1.4 java.sql.Timestamp handling
log4j1 : 2016-09-01 17:02:32 main |  |  |  | INFO  | org.hibernate.cfg.Configuration:1508 | - configuring from file: hibernate.cfg.xml
log4j1 : 2016-09-01 17:02:33 main |  |  |  | INFO  | org.hibernate.cfg.Configuration:600 | - Reading mappings from resource : com/baseframework/config/hibernate/User.hbm.xml
log4j1 : 2016-09-01 17:02:33 main |  |  |  | INFO  | org.hibernate.cfg.HbmBinder:322 | - Mapping class: com.baseframework.domain.security.core.userdetails.User -> USER
log4j1 : 2016-09-01 17:02:33 main |  |  |  | INFO  | org.hibernate.cfg.Configuration:600 | - Reading mappings from resource : com/baseframework/config/hibernate/Role.hbm.xml
log4j1 : 2016-09-01 17:02:33 main |  |  |  | INFO  | org.hibernate.cfg.HbmBinder:322 | - Mapping class: com.baseframework.domain.security.access.Role -> ROLE
log4j1 : 2016-09-01 17:02:33 main |  |  |  | INFO  | org.hibernate.cfg.HbmBinder:1441 | - Mapping collection: com.baseframework.domain.security.access.Role.functions -> PERMISSION
log4j1 : 2016-09-01 17:02:33 main |  |  |  | INFO  | org.hibernate.cfg.Configuration:600 | - Reading mappings from resource : com/baseframework/config/hibernate/Module.hbm.xml
log4j1 : 2016-09-01 17:02:33 main |  |  |  | INFO  | org.hibernate.cfg.HbmBinder:322 | - Mapping class: com.baseframework.domain.security.access.Module -> MODULE
log4j1 : 2016-09-01 17:02:33 main |  |  |  | INFO  | org.hibernate.cfg.Configuration:600 | - Reading mappings from resource : com/baseframework/config/hibernate/Function.hbm.xml
log4j1 : 2016-09-01 17:02:33 main |  |  |  | INFO  | org.hibernate.cfg.HbmBinder:322 | - Mapping class: com.baseframework.domain.security.access.Function -> function
log4j1 : 2016-09-01 17:02:33 main |  |  |  | INFO  | org.hibernate.cfg.Configuration:600 | - Reading mappings from resource : com/baseframework/config/hibernate/Authenticate.hbm.xml
log4j1 : 2016-09-01 17:02:33 main |  |  |  | INFO  | org.hibernate.cfg.HbmBinder:322 | - Mapping class: com.baseframework.domain.security.access.Authenticate -> PERMISSION
log4j1 : 2016-09-01 17:02:33 main |  |  |  | INFO  | org.hibernate.cfg.Configuration:1589 | - Configured SessionFactory: null
log4j1 : 2016-09-01 17:02:33 main |  |  |  | INFO  | org.hibernate.cfg.HbmBinder:2404 | - Mapping collection: com.baseframework.domain.security.access.Module.functions -> function
log4j1 : 2016-09-01 17:02:33 main |  |  |  | INFO  | org.hibernate.util.NamingHelper:49 | - JNDI InitialContext properties:{}
log4j1 : 2016-09-01 17:02:33 main |  |  |  | INFO  | org.eclipse.jetty.util.log:186 | - Logging initialized @703ms
log4j1 : 2016-09-01 17:02:33 main |  |  |  | ERROR | org.hibernate.connection.DatasourceConnectionProvider:78 | - Could not find datasource: testDS
javax.naming.NameNotFoundException; remaining name 'testDS'
	at org.eclipse.jetty.jndi.local.localContextRoot.lookup(localContextRoot.java:429)
	at org.eclipse.jetty.jndi.local.localContextRoot.lookup(localContextRoot.java:533)
	at javax.naming.InitialContext.lookup(InitialContext.java:417)
	at org.hibernate.connection.DatasourceConnectionProvider.configure(DatasourceConnectionProvider.java:75)
	at org.hibernate.connection.ConnectionProviderFactory.newConnectionProvider(ConnectionProviderFactory.java:137)
	at org.hibernate.connection.ConnectionProviderFactory.newConnectionProvider(ConnectionProviderFactory.java:79)
	at org.hibernate.cfg.SettingsFactory.createConnectionProvider(SettingsFactory.java:425)
	at org.hibernate.cfg.SettingsFactory.buildSettings(SettingsFactory.java:89)
	at org.hibernate.cfg.Configuration.buildSettingsInternal(Configuration.java:2119)
	at org.hibernate.cfg.Configuration.buildSettings(Configuration.java:2115)
	at org.hibernate.cfg.Configuration.buildSessionFactory(Configuration.java:1339)
	at hibernate.HelloHibernate.processHibernate(HelloHibernate.java:86)
	at hibernate.HelloHibernate.main(HelloHibernate.java:54)
log4j1 : 2016-09-01 17:12:33 main |  |  |  | INFO  | org.hibernate.cfg.Environment:560 | - Hibernate 3.3.2.GA
log4j1 : 2016-09-01 17:12:33 main |  |  |  | INFO  | org.hibernate.cfg.Environment:593 | - hibernate.properties not found
log4j1 : 2016-09-01 17:12:33 main |  |  |  | INFO  | org.hibernate.cfg.Environment:771 | - Bytecode provider name : javassist
log4j1 : 2016-09-01 17:12:33 main |  |  |  | INFO  | org.hibernate.cfg.Environment:652 | - using JDK 1.4 java.sql.Timestamp handling
log4j1 : 2016-09-01 17:12:33 main |  |  |  | INFO  | org.hibernate.cfg.Configuration:1508 | - configuring from file: hibernate.cfg.xml
log4j1 : 2016-09-01 17:12:33 main |  |  |  | INFO  | org.hibernate.cfg.Configuration:600 | - Reading mappings from resource : com/baseframework/config/hibernate/User.hbm.xml
log4j1 : 2016-09-01 17:12:33 main |  |  |  | INFO  | org.hibernate.cfg.HbmBinder:322 | - Mapping class: com.baseframework.domain.security.core.userdetails.User -> USER
log4j1 : 2016-09-01 17:12:33 main |  |  |  | INFO  | org.hibernate.cfg.Configuration:600 | - Reading mappings from resource : com/baseframework/config/hibernate/Role.hbm.xml
log4j1 : 2016-09-01 17:12:33 main |  |  |  | INFO  | org.hibernate.cfg.HbmBinder:322 | - Mapping class: com.baseframework.domain.security.access.Role -> ROLE
log4j1 : 2016-09-01 17:12:33 main |  |  |  | INFO  | org.hibernate.cfg.HbmBinder:1441 | - Mapping collection: com.baseframework.domain.security.access.Role.functions -> PERMISSION
log4j1 : 2016-09-01 17:12:33 main |  |  |  | INFO  | org.hibernate.cfg.Configuration:600 | - Reading mappings from resource : com/baseframework/config/hibernate/Module.hbm.xml
log4j1 : 2016-09-01 17:12:33 main |  |  |  | INFO  | org.hibernate.cfg.HbmBinder:322 | - Mapping class: com.baseframework.domain.security.access.Module -> MODULE
log4j1 : 2016-09-01 17:12:33 main |  |  |  | INFO  | org.hibernate.cfg.Configuration:600 | - Reading mappings from resource : com/baseframework/config/hibernate/Function.hbm.xml
log4j1 : 2016-09-01 17:12:33 main |  |  |  | INFO  | org.hibernate.cfg.HbmBinder:322 | - Mapping class: com.baseframework.domain.security.access.Function -> function
log4j1 : 2016-09-01 17:12:33 main |  |  |  | INFO  | org.hibernate.cfg.Configuration:600 | - Reading mappings from resource : com/baseframework/config/hibernate/Authenticate.hbm.xml
log4j1 : 2016-09-01 17:12:33 main |  |  |  | INFO  | org.hibernate.cfg.HbmBinder:322 | - Mapping class: com.baseframework.domain.security.access.Authenticate -> PERMISSION
log4j1 : 2016-09-01 17:12:33 main |  |  |  | INFO  | org.hibernate.cfg.Configuration:1589 | - Configured SessionFactory: null
log4j1 : 2016-09-01 17:12:33 main |  |  |  | INFO  | org.hibernate.cfg.HbmBinder:2404 | - Mapping collection: com.baseframework.domain.security.access.Module.functions -> function
log4j1 : 2016-09-01 17:12:33 main |  |  |  | INFO  | org.hibernate.util.NamingHelper:49 | - JNDI InitialContext properties:{}
log4j1 : 2016-09-01 17:12:33 main |  |  |  | INFO  | org.eclipse.jetty.util.log:186 | - Logging initialized @747ms
log4j1 : 2016-09-01 17:12:33 main |  |  |  | ERROR | org.hibernate.connection.DatasourceConnectionProvider:78 | - Could not find datasource: testDS
javax.naming.NameNotFoundException; remaining name 'testDS'
	at org.eclipse.jetty.jndi.local.localContextRoot.lookup(localContextRoot.java:429)
	at org.eclipse.jetty.jndi.local.localContextRoot.lookup(localContextRoot.java:533)
	at javax.naming.InitialContext.lookup(InitialContext.java:417)
	at org.hibernate.connection.DatasourceConnectionProvider.configure(DatasourceConnectionProvider.java:75)
	at org.hibernate.connection.ConnectionProviderFactory.newConnectionProvider(ConnectionProviderFactory.java:137)
	at org.hibernate.connection.ConnectionProviderFactory.newConnectionProvider(ConnectionProviderFactory.java:79)
	at org.hibernate.cfg.SettingsFactory.createConnectionProvider(SettingsFactory.java:425)
	at org.hibernate.cfg.SettingsFactory.buildSettings(SettingsFactory.java:89)
	at org.hibernate.cfg.Configuration.buildSettingsInternal(Configuration.java:2119)
	at org.hibernate.cfg.Configuration.buildSettings(Configuration.java:2115)
	at org.hibernate.cfg.Configuration.buildSessionFactory(Configuration.java:1339)
	at hibernate.HelloHibernate.processHibernate(HelloHibernate.java:86)
	at hibernate.HelloHibernate.main(HelloHibernate.java:54)
log4j1 : 2016-09-01 17:25:46 main |  |  |  | INFO  | org.hibernate.cfg.Environment:560 | - Hibernate 3.3.2.GA
log4j1 : 2016-09-01 17:25:46 main |  |  |  | INFO  | org.hibernate.cfg.Environment:593 | - hibernate.properties not found
log4j1 : 2016-09-01 17:25:46 main |  |  |  | INFO  | org.hibernate.cfg.Environment:771 | - Bytecode provider name : javassist
log4j1 : 2016-09-01 17:25:46 main |  |  |  | INFO  | org.hibernate.cfg.Environment:652 | - using JDK 1.4 java.sql.Timestamp handling
log4j1 : 2016-09-01 17:25:46 main |  |  |  | INFO  | org.hibernate.cfg.Configuration:1508 | - configuring from file: hibernate.cfg.xml
log4j1 : 2016-09-01 17:25:46 main |  |  |  | INFO  | org.hibernate.cfg.Configuration:600 | - Reading mappings from resource : com/baseframework/config/hibernate/User.hbm.xml
log4j1 : 2016-09-01 17:25:46 main |  |  |  | INFO  | org.hibernate.cfg.HbmBinder:322 | - Mapping class: com.baseframework.domain.security.core.userdetails.User -> USER
log4j1 : 2016-09-01 17:25:46 main |  |  |  | INFO  | org.hibernate.cfg.Configuration:600 | - Reading mappings from resource : com/baseframework/config/hibernate/Role.hbm.xml
log4j1 : 2016-09-01 17:25:46 main |  |  |  | INFO  | org.hibernate.cfg.HbmBinder:322 | - Mapping class: com.baseframework.domain.security.access.Role -> ROLE
log4j1 : 2016-09-01 17:25:46 main |  |  |  | INFO  | org.hibernate.cfg.HbmBinder:1441 | - Mapping collection: com.baseframework.domain.security.access.Role.functions -> PERMISSION
log4j1 : 2016-09-01 17:25:46 main |  |  |  | INFO  | org.hibernate.cfg.Configuration:600 | - Reading mappings from resource : com/baseframework/config/hibernate/Module.hbm.xml
log4j1 : 2016-09-01 17:25:46 main |  |  |  | INFO  | org.hibernate.cfg.HbmBinder:322 | - Mapping class: com.baseframework.domain.security.access.Module -> MODULE
log4j1 : 2016-09-01 17:25:46 main |  |  |  | INFO  | org.hibernate.cfg.Configuration:600 | - Reading mappings from resource : com/baseframework/config/hibernate/Function.hbm.xml
log4j1 : 2016-09-01 17:25:46 main |  |  |  | INFO  | org.hibernate.cfg.HbmBinder:322 | - Mapping class: com.baseframework.domain.security.access.Function -> function
log4j1 : 2016-09-01 17:25:46 main |  |  |  | INFO  | org.hibernate.cfg.Configuration:600 | - Reading mappings from resource : com/baseframework/config/hibernate/Authenticate.hbm.xml
log4j1 : 2016-09-01 17:25:46 main |  |  |  | INFO  | org.hibernate.cfg.HbmBinder:322 | - Mapping class: com.baseframework.domain.security.access.Authenticate -> PERMISSION
log4j1 : 2016-09-01 17:25:46 main |  |  |  | INFO  | org.hibernate.cfg.Configuration:1589 | - Configured SessionFactory: null
log4j1 : 2016-09-01 17:25:46 main |  |  |  | INFO  | org.hibernate.cfg.HbmBinder:2404 | - Mapping collection: com.baseframework.domain.security.access.Module.functions -> function
log4j1 : 2016-09-01 17:25:46 main |  |  |  | INFO  | org.hibernate.util.NamingHelper:49 | - JNDI InitialContext properties:{}
log4j1 : 2016-09-01 17:25:46 main |  |  |  | INFO  | org.eclipse.jetty.util.log:186 | - Logging initialized @680ms
log4j1 : 2016-09-01 17:25:46 main |  |  |  | ERROR | org.hibernate.connection.DatasourceConnectionProvider:78 | - Could not find datasource: testDS
javax.naming.NameNotFoundException; remaining name 'testDS'
	at org.eclipse.jetty.jndi.local.localContextRoot.lookup(localContextRoot.java:429)
	at org.eclipse.jetty.jndi.local.localContextRoot.lookup(localContextRoot.java:533)
	at javax.naming.InitialContext.lookup(InitialContext.java:417)
	at org.hibernate.connection.DatasourceConnectionProvider.configure(DatasourceConnectionProvider.java:75)
	at org.hibernate.connection.ConnectionProviderFactory.newConnectionProvider(ConnectionProviderFactory.java:137)
	at org.hibernate.connection.ConnectionProviderFactory.newConnectionProvider(ConnectionProviderFactory.java:79)
	at org.hibernate.cfg.SettingsFactory.createConnectionProvider(SettingsFactory.java:425)
	at org.hibernate.cfg.SettingsFactory.buildSettings(SettingsFactory.java:89)
	at org.hibernate.cfg.Configuration.buildSettingsInternal(Configuration.java:2119)
	at org.hibernate.cfg.Configuration.buildSettings(Configuration.java:2115)
	at org.hibernate.cfg.Configuration.buildSessionFactory(Configuration.java:1339)
	at hibernate.HelloHibernate.processHibernate(HelloHibernate.java:86)
	at hibernate.HelloHibernate.main(HelloHibernate.java:54)
log4j1 : 2016-09-01 17:26:30 main |  |  |  | INFO  | org.hibernate.cfg.Environment:560 | - Hibernate 3.3.2.GA
log4j1 : 2016-09-01 17:26:30 main |  |  |  | INFO  | org.hibernate.cfg.Environment:593 | - hibernate.properties not found
log4j1 : 2016-09-01 17:26:30 main |  |  |  | INFO  | org.hibernate.cfg.Environment:771 | - Bytecode provider name : javassist
log4j1 : 2016-09-01 17:26:30 main |  |  |  | INFO  | org.hibernate.cfg.Environment:652 | - using JDK 1.4 java.sql.Timestamp handling
log4j1 : 2016-09-01 17:26:30 main |  |  |  | INFO  | org.hibernate.cfg.Configuration:1508 | - configuring from file: hibernate.cfg.xml
log4j1 : 2016-09-01 17:26:30 main |  |  |  | INFO  | org.hibernate.cfg.Configuration:600 | - Reading mappings from resource : com/baseframework/config/hibernate/User.hbm.xml
log4j1 : 2016-09-01 17:26:30 main |  |  |  | INFO  | org.hibernate.cfg.HbmBinder:322 | - Mapping class: com.baseframework.domain.security.core.userdetails.User -> USER
log4j1 : 2016-09-01 17:26:30 main |  |  |  | INFO  | org.hibernate.cfg.Configuration:600 | - Reading mappings from resource : com/baseframework/config/hibernate/Role.hbm.xml
log4j1 : 2016-09-01 17:26:30 main |  |  |  | INFO  | org.hibernate.cfg.HbmBinder:322 | - Mapping class: com.baseframework.domain.security.access.Role -> ROLE
log4j1 : 2016-09-01 17:26:30 main |  |  |  | INFO  | org.hibernate.cfg.HbmBinder:1441 | - Mapping collection: com.baseframework.domain.security.access.Role.functions -> PERMISSION
log4j1 : 2016-09-01 17:26:30 main |  |  |  | INFO  | org.hibernate.cfg.Configuration:600 | - Reading mappings from resource : com/baseframework/config/hibernate/Module.hbm.xml
log4j1 : 2016-09-01 17:26:30 main |  |  |  | INFO  | org.hibernate.cfg.HbmBinder:322 | - Mapping class: com.baseframework.domain.security.access.Module -> MODULE
log4j1 : 2016-09-01 17:26:30 main |  |  |  | INFO  | org.hibernate.cfg.Configuration:600 | - Reading mappings from resource : com/baseframework/config/hibernate/Function.hbm.xml
log4j1 : 2016-09-01 17:26:30 main |  |  |  | INFO  | org.hibernate.cfg.HbmBinder:322 | - Mapping class: com.baseframework.domain.security.access.Function -> function
log4j1 : 2016-09-01 17:26:30 main |  |  |  | INFO  | org.hibernate.cfg.Configuration:600 | - Reading mappings from resource : com/baseframework/config/hibernate/Authenticate.hbm.xml
log4j1 : 2016-09-01 17:26:30 main |  |  |  | INFO  | org.hibernate.cfg.HbmBinder:322 | - Mapping class: com.baseframework.domain.security.access.Authenticate -> PERMISSION
log4j1 : 2016-09-01 17:26:30 main |  |  |  | INFO  | org.hibernate.cfg.Configuration:1589 | - Configured SessionFactory: null
log4j1 : 2016-09-01 17:26:30 main |  |  |  | INFO  | org.hibernate.cfg.HbmBinder:2404 | - Mapping collection: com.baseframework.domain.security.access.Module.functions -> function
log4j1 : 2016-09-01 17:26:30 main |  |  |  | INFO  | org.hibernate.util.NamingHelper:49 | - JNDI InitialContext properties:{}
log4j1 : 2016-09-01 17:26:30 main |  |  |  | INFO  | org.eclipse.jetty.util.log:186 | - Logging initialized @690ms
log4j1 : 2016-09-01 17:26:30 main |  |  |  | ERROR | org.hibernate.connection.DatasourceConnectionProvider:78 | - Could not find datasource: testDS
javax.naming.NameNotFoundException; remaining name 'testDS'
	at org.eclipse.jetty.jndi.local.localContextRoot.lookup(localContextRoot.java:429)
	at org.eclipse.jetty.jndi.local.localContextRoot.lookup(localContextRoot.java:533)
	at javax.naming.InitialContext.lookup(InitialContext.java:417)
	at org.hibernate.connection.DatasourceConnectionProvider.configure(DatasourceConnectionProvider.java:75)
	at org.hibernate.connection.ConnectionProviderFactory.newConnectionProvider(ConnectionProviderFactory.java:137)
	at org.hibernate.connection.ConnectionProviderFactory.newConnectionProvider(ConnectionProviderFactory.java:79)
	at org.hibernate.cfg.SettingsFactory.createConnectionProvider(SettingsFactory.java:425)
	at org.hibernate.cfg.SettingsFactory.buildSettings(SettingsFactory.java:89)
	at org.hibernate.cfg.Configuration.buildSettingsInternal(Configuration.java:2119)
	at org.hibernate.cfg.Configuration.buildSettings(Configuration.java:2115)
	at org.hibernate.cfg.Configuration.buildSessionFactory(Configuration.java:1339)
	at hibernate.HelloHibernate.processHibernate(HelloHibernate.java:86)
	at hibernate.HelloHibernate.main(HelloHibernate.java:54)
log4j1 : 2016-09-01 17:37:19 main |  |  |  | INFO  | org.hibernate.cfg.Environment:560 | - Hibernate 3.3.2.GA
log4j1 : 2016-09-01 17:37:19 main |  |  |  | INFO  | org.hibernate.cfg.Environment:593 | - hibernate.properties not found
log4j1 : 2016-09-01 17:37:19 main |  |  |  | INFO  | org.hibernate.cfg.Environment:771 | - Bytecode provider name : javassist
log4j1 : 2016-09-01 17:37:19 main |  |  |  | INFO  | org.hibernate.cfg.Environment:652 | - using JDK 1.4 java.sql.Timestamp handling
log4j1 : 2016-09-01 17:37:19 main |  |  |  | INFO  | org.hibernate.cfg.Configuration:1508 | - configuring from file: hibernate.cfg.xml
log4j1 : 2016-09-01 17:37:19 main |  |  |  | INFO  | org.hibernate.cfg.Configuration:600 | - Reading mappings from resource : com/baseframework/config/hibernate/User.hbm.xml
log4j1 : 2016-09-01 17:37:19 main |  |  |  | INFO  | org.hibernate.cfg.HbmBinder:322 | - Mapping class: com.baseframework.domain.security.core.userdetails.User -> USER
log4j1 : 2016-09-01 17:37:19 main |  |  |  | INFO  | org.hibernate.cfg.Configuration:600 | - Reading mappings from resource : com/baseframework/config/hibernate/Role.hbm.xml
log4j1 : 2016-09-01 17:37:19 main |  |  |  | INFO  | org.hibernate.cfg.HbmBinder:322 | - Mapping class: com.baseframework.domain.security.access.Role -> ROLE
log4j1 : 2016-09-01 17:37:19 main |  |  |  | INFO  | org.hibernate.cfg.HbmBinder:1441 | - Mapping collection: com.baseframework.domain.security.access.Role.functions -> PERMISSION
log4j1 : 2016-09-01 17:37:19 main |  |  |  | INFO  | org.hibernate.cfg.Configuration:600 | - Reading mappings from resource : com/baseframework/config/hibernate/Module.hbm.xml
log4j1 : 2016-09-01 17:37:19 main |  |  |  | INFO  | org.hibernate.cfg.HbmBinder:322 | - Mapping class: com.baseframework.domain.security.access.Module -> MODULE
log4j1 : 2016-09-01 17:37:19 main |  |  |  | INFO  | org.hibernate.cfg.Configuration:600 | - Reading mappings from resource : com/baseframework/config/hibernate/Function.hbm.xml
log4j1 : 2016-09-01 17:37:19 main |  |  |  | INFO  | org.hibernate.cfg.HbmBinder:322 | - Mapping class: com.baseframework.domain.security.access.Function -> function
log4j1 : 2016-09-01 17:37:19 main |  |  |  | INFO  | org.hibernate.cfg.Configuration:600 | - Reading mappings from resource : com/baseframework/config/hibernate/Authenticate.hbm.xml
log4j1 : 2016-09-01 17:37:19 main |  |  |  | INFO  | org.hibernate.cfg.HbmBinder:322 | - Mapping class: com.baseframework.domain.security.access.Authenticate -> PERMISSION
log4j1 : 2016-09-01 17:37:19 main |  |  |  | INFO  | org.hibernate.cfg.Configuration:1589 | - Configured SessionFactory: null
log4j1 : 2016-09-01 17:37:19 main |  |  |  | INFO  | org.hibernate.cfg.HbmBinder:2404 | - Mapping collection: com.baseframework.domain.security.access.Module.functions -> function
log4j1 : 2016-09-01 17:37:19 main |  |  |  | INFO  | org.hibernate.util.NamingHelper:49 | - JNDI InitialContext properties:{}
log4j1 : 2016-09-01 17:37:19 main |  |  |  | INFO  | org.eclipse.jetty.util.log:186 | - Logging initialized @688ms
log4j1 : 2016-09-01 17:37:19 main |  |  |  | ERROR | org.hibernate.connection.DatasourceConnectionProvider:78 | - Could not find datasource: testDS
javax.naming.NameNotFoundException; remaining name 'testDS'
	at org.eclipse.jetty.jndi.local.localContextRoot.lookup(localContextRoot.java:429)
	at org.eclipse.jetty.jndi.local.localContextRoot.lookup(localContextRoot.java:533)
	at javax.naming.InitialContext.lookup(InitialContext.java:417)
	at org.hibernate.connection.DatasourceConnectionProvider.configure(DatasourceConnectionProvider.java:75)
	at org.hibernate.connection.ConnectionProviderFactory.newConnectionProvider(ConnectionProviderFactory.java:137)
	at org.hibernate.connection.ConnectionProviderFactory.newConnectionProvider(ConnectionProviderFactory.java:79)
	at org.hibernate.cfg.SettingsFactory.createConnectionProvider(SettingsFactory.java:425)
	at org.hibernate.cfg.SettingsFactory.buildSettings(SettingsFactory.java:89)
	at org.hibernate.cfg.Configuration.buildSettingsInternal(Configuration.java:2119)
	at org.hibernate.cfg.Configuration.buildSettings(Configuration.java:2115)
	at org.hibernate.cfg.Configuration.buildSessionFactory(Configuration.java:1339)
	at hibernate.HelloHibernate.processHibernate(HelloHibernate.java:82)
	at hibernate.HelloHibernate.main(HelloHibernate.java:50)
log4j1 : 2016-09-01 17:37:36 main |  |  |  | INFO  | org.hibernate.cfg.Environment:560 | - Hibernate 3.3.2.GA
log4j1 : 2016-09-01 17:37:36 main |  |  |  | INFO  | org.hibernate.cfg.Environment:593 | - hibernate.properties not found
log4j1 : 2016-09-01 17:37:36 main |  |  |  | INFO  | org.hibernate.cfg.Environment:771 | - Bytecode provider name : javassist
log4j1 : 2016-09-01 17:37:36 main |  |  |  | INFO  | org.hibernate.cfg.Environment:652 | - using JDK 1.4 java.sql.Timestamp handling
log4j1 : 2016-09-01 17:37:36 main |  |  |  | INFO  | org.hibernate.cfg.Configuration:1508 | - configuring from file: hibernate.cfg.xml
log4j1 : 2016-09-01 17:37:36 main |  |  |  | INFO  | org.hibernate.cfg.Configuration:600 | - Reading mappings from resource : com/baseframework/config/hibernate/User.hbm.xml
log4j1 : 2016-09-01 17:37:36 main |  |  |  | INFO  | org.hibernate.cfg.HbmBinder:322 | - Mapping class: com.baseframework.domain.security.core.userdetails.User -> USER
log4j1 : 2016-09-01 17:37:36 main |  |  |  | INFO  | org.hibernate.cfg.Configuration:600 | - Reading mappings from resource : com/baseframework/config/hibernate/Role.hbm.xml
log4j1 : 2016-09-01 17:37:36 main |  |  |  | INFO  | org.hibernate.cfg.HbmBinder:322 | - Mapping class: com.baseframework.domain.security.access.Role -> ROLE
log4j1 : 2016-09-01 17:37:36 main |  |  |  | INFO  | org.hibernate.cfg.HbmBinder:1441 | - Mapping collection: com.baseframework.domain.security.access.Role.functions -> PERMISSION
log4j1 : 2016-09-01 17:37:36 main |  |  |  | INFO  | org.hibernate.cfg.Configuration:600 | - Reading mappings from resource : com/baseframework/config/hibernate/Module.hbm.xml
log4j1 : 2016-09-01 17:37:36 main |  |  |  | INFO  | org.hibernate.cfg.HbmBinder:322 | - Mapping class: com.baseframework.domain.security.access.Module -> MODULE
log4j1 : 2016-09-01 17:37:36 main |  |  |  | INFO  | org.hibernate.cfg.Configuration:600 | - Reading mappings from resource : com/baseframework/config/hibernate/Function.hbm.xml
log4j1 : 2016-09-01 17:37:36 main |  |  |  | INFO  | org.hibernate.cfg.HbmBinder:322 | - Mapping class: com.baseframework.domain.security.access.Function -> function
log4j1 : 2016-09-01 17:37:36 main |  |  |  | INFO  | org.hibernate.cfg.Configuration:600 | - Reading mappings from resource : com/baseframework/config/hibernate/Authenticate.hbm.xml
log4j1 : 2016-09-01 17:37:36 main |  |  |  | INFO  | org.hibernate.cfg.HbmBinder:322 | - Mapping class: com.baseframework.domain.security.access.Authenticate -> PERMISSION
log4j1 : 2016-09-01 17:37:36 main |  |  |  | INFO  | org.hibernate.cfg.Configuration:1589 | - Configured SessionFactory: null
log4j1 : 2016-09-01 17:37:36 main |  |  |  | INFO  | org.hibernate.cfg.HbmBinder:2404 | - Mapping collection: com.baseframework.domain.security.access.Module.functions -> function
log4j1 : 2016-09-01 17:37:36 main |  |  |  | INFO  | org.hibernate.util.NamingHelper:49 | - JNDI InitialContext properties:{}
log4j1 : 2016-09-01 17:37:36 main |  |  |  | INFO  | org.eclipse.jetty.util.log:186 | - Logging initialized @688ms
log4j1 : 2016-09-01 17:37:36 main |  |  |  | ERROR | org.hibernate.connection.DatasourceConnectionProvider:78 | - Could not find datasource: testDS
javax.naming.NameNotFoundException; remaining name 'testDS'
	at org.eclipse.jetty.jndi.local.localContextRoot.lookup(localContextRoot.java:429)
	at org.eclipse.jetty.jndi.local.localContextRoot.lookup(localContextRoot.java:533)
	at javax.naming.InitialContext.lookup(InitialContext.java:417)
	at org.hibernate.connection.DatasourceConnectionProvider.configure(DatasourceConnectionProvider.java:75)
	at org.hibernate.connection.ConnectionProviderFactory.newConnectionProvider(ConnectionProviderFactory.java:137)
	at org.hibernate.connection.ConnectionProviderFactory.newConnectionProvider(ConnectionProviderFactory.java:79)
	at org.hibernate.cfg.SettingsFactory.createConnectionProvider(SettingsFactory.java:425)
	at org.hibernate.cfg.SettingsFactory.buildSettings(SettingsFactory.java:89)
	at org.hibernate.cfg.Configuration.buildSettingsInternal(Configuration.java:2119)
	at org.hibernate.cfg.Configuration.buildSettings(Configuration.java:2115)
	at org.hibernate.cfg.Configuration.buildSessionFactory(Configuration.java:1339)
	at hibernate.HelloHibernate.processHibernate(HelloHibernate.java:82)
	at hibernate.HelloHibernate.main(HelloHibernate.java:50)
log4j1 : 2016-09-01 17:42:08 main |  |  |  | INFO  | org.eclipse.jetty.util.log:186 | - Logging initialized @391ms
log4j1 : 2016-09-01 17:42:08 main |  |  |  | INFO  | org.hibernate.cfg.Environment:560 | - Hibernate 3.3.2.GA
log4j1 : 2016-09-01 17:42:08 main |  |  |  | INFO  | org.hibernate.cfg.Environment:593 | - hibernate.properties not found
log4j1 : 2016-09-01 17:42:08 main |  |  |  | INFO  | org.hibernate.cfg.Environment:771 | - Bytecode provider name : javassist
log4j1 : 2016-09-01 17:42:08 main |  |  |  | INFO  | org.hibernate.cfg.Environment:652 | - using JDK 1.4 java.sql.Timestamp handling
log4j1 : 2016-09-01 17:42:08 main |  |  |  | INFO  | org.hibernate.cfg.Configuration:1508 | - configuring from file: hibernate.cfg.xml
log4j1 : 2016-09-01 17:42:08 main |  |  |  | INFO  | org.hibernate.cfg.Configuration:600 | - Reading mappings from resource : com/baseframework/config/hibernate/User.hbm.xml
log4j1 : 2016-09-01 17:42:08 main |  |  |  | INFO  | org.hibernate.cfg.HbmBinder:322 | - Mapping class: com.baseframework.domain.security.core.userdetails.User -> USER
log4j1 : 2016-09-01 17:42:08 main |  |  |  | INFO  | org.hibernate.cfg.Configuration:600 | - Reading mappings from resource : com/baseframework/config/hibernate/Role.hbm.xml
log4j1 : 2016-09-01 17:42:08 main |  |  |  | INFO  | org.hibernate.cfg.HbmBinder:322 | - Mapping class: com.baseframework.domain.security.access.Role -> ROLE
log4j1 : 2016-09-01 17:42:08 main |  |  |  | INFO  | org.hibernate.cfg.HbmBinder:1441 | - Mapping collection: com.baseframework.domain.security.access.Role.functions -> PERMISSION
log4j1 : 2016-09-01 17:42:08 main |  |  |  | INFO  | org.hibernate.cfg.Configuration:600 | - Reading mappings from resource : com/baseframework/config/hibernate/Module.hbm.xml
log4j1 : 2016-09-01 17:42:09 main |  |  |  | INFO  | org.hibernate.cfg.HbmBinder:322 | - Mapping class: com.baseframework.domain.security.access.Module -> MODULE
log4j1 : 2016-09-01 17:42:09 main |  |  |  | INFO  | org.hibernate.cfg.Configuration:600 | - Reading mappings from resource : com/baseframework/config/hibernate/Function.hbm.xml
log4j1 : 2016-09-01 17:42:09 main |  |  |  | INFO  | org.hibernate.cfg.HbmBinder:322 | - Mapping class: com.baseframework.domain.security.access.Function -> function
log4j1 : 2016-09-01 17:42:09 main |  |  |  | INFO  | org.hibernate.cfg.Configuration:600 | - Reading mappings from resource : com/baseframework/config/hibernate/Authenticate.hbm.xml
log4j1 : 2016-09-01 17:42:09 main |  |  |  | INFO  | org.hibernate.cfg.HbmBinder:322 | - Mapping class: com.baseframework.domain.security.access.Authenticate -> PERMISSION
log4j1 : 2016-09-01 17:42:09 main |  |  |  | INFO  | org.hibernate.cfg.Configuration:1589 | - Configured SessionFactory: null
log4j1 : 2016-09-01 17:42:09 main |  |  |  | INFO  | org.hibernate.cfg.HbmBinder:2404 | - Mapping collection: com.baseframework.domain.security.access.Module.functions -> function
log4j1 : 2016-09-01 17:42:09 main |  |  |  | INFO  | org.hibernate.util.NamingHelper:49 | - JNDI InitialContext properties:{}
log4j1 : 2016-09-01 17:42:09 main |  |  |  | ERROR | org.hibernate.connection.DatasourceConnectionProvider:78 | - Could not find datasource: testDS
java.lang.ClassCastException: java.lang.String cannot be cast to javax.sql.DataSource
	at org.hibernate.connection.DatasourceConnectionProvider.configure(DatasourceConnectionProvider.java:75)
	at org.hibernate.connection.ConnectionProviderFactory.newConnectionProvider(ConnectionProviderFactory.java:137)
	at org.hibernate.connection.ConnectionProviderFactory.newConnectionProvider(ConnectionProviderFactory.java:79)
	at org.hibernate.cfg.SettingsFactory.createConnectionProvider(SettingsFactory.java:425)
	at org.hibernate.cfg.SettingsFactory.buildSettings(SettingsFactory.java:89)
	at org.hibernate.cfg.Configuration.buildSettingsInternal(Configuration.java:2119)
	at org.hibernate.cfg.Configuration.buildSettings(Configuration.java:2115)
	at org.hibernate.cfg.Configuration.buildSessionFactory(Configuration.java:1339)
	at hibernate.HelloHibernate.processHibernate(HelloHibernate.java:85)
	at hibernate.HelloHibernate.main(HelloHibernate.java:53)
log4j1 : 2016-09-01 17:50:36 main |  |  |  | INFO  | org.eclipse.jetty.util.log:186 | - Logging initialized @409ms
log4j1 : 2016-09-01 17:50:36 main |  |  |  | INFO  | org.hibernate.cfg.Environment:560 | - Hibernate 3.3.2.GA
log4j1 : 2016-09-01 17:50:36 main |  |  |  | INFO  | org.hibernate.cfg.Environment:593 | - hibernate.properties not found
log4j1 : 2016-09-01 17:50:36 main |  |  |  | INFO  | org.hibernate.cfg.Environment:771 | - Bytecode provider name : javassist
log4j1 : 2016-09-01 17:50:36 main |  |  |  | INFO  | org.hibernate.cfg.Environment:652 | - using JDK 1.4 java.sql.Timestamp handling
log4j1 : 2016-09-01 17:50:36 main |  |  |  | INFO  | org.hibernate.cfg.Configuration:1508 | - configuring from file: hibernate.cfg.xml
log4j1 : 2016-09-01 17:50:36 main |  |  |  | INFO  | org.hibernate.cfg.Configuration:600 | - Reading mappings from resource : com/baseframework/config/hibernate/User.hbm.xml
log4j1 : 2016-09-01 17:50:36 main |  |  |  | INFO  | org.hibernate.cfg.HbmBinder:322 | - Mapping class: com.baseframework.domain.security.core.userdetails.User -> USER
log4j1 : 2016-09-01 17:50:36 main |  |  |  | INFO  | org.hibernate.cfg.Configuration:600 | - Reading mappings from resource : com/baseframework/config/hibernate/Role.hbm.xml
log4j1 : 2016-09-01 17:50:36 main |  |  |  | INFO  | org.hibernate.cfg.HbmBinder:322 | - Mapping class: com.baseframework.domain.security.access.Role -> ROLE
log4j1 : 2016-09-01 17:50:36 main |  |  |  | INFO  | org.hibernate.cfg.HbmBinder:1441 | - Mapping collection: com.baseframework.domain.security.access.Role.functions -> PERMISSION
log4j1 : 2016-09-01 17:50:36 main |  |  |  | INFO  | org.hibernate.cfg.Configuration:600 | - Reading mappings from resource : com/baseframework/config/hibernate/Module.hbm.xml
log4j1 : 2016-09-01 17:50:36 main |  |  |  | INFO  | org.hibernate.cfg.HbmBinder:322 | - Mapping class: com.baseframework.domain.security.access.Module -> MODULE
log4j1 : 2016-09-01 17:50:36 main |  |  |  | INFO  | org.hibernate.cfg.Configuration:600 | - Reading mappings from resource : com/baseframework/config/hibernate/Function.hbm.xml
log4j1 : 2016-09-01 17:50:36 main |  |  |  | INFO  | org.hibernate.cfg.HbmBinder:322 | - Mapping class: com.baseframework.domain.security.access.Function -> function
log4j1 : 2016-09-01 17:50:36 main |  |  |  | INFO  | org.hibernate.cfg.Configuration:600 | - Reading mappings from resource : com/baseframework/config/hibernate/Authenticate.hbm.xml
log4j1 : 2016-09-01 17:50:36 main |  |  |  | INFO  | org.hibernate.cfg.HbmBinder:322 | - Mapping class: com.baseframework.domain.security.access.Authenticate -> PERMISSION
log4j1 : 2016-09-01 17:50:36 main |  |  |  | INFO  | org.hibernate.cfg.Configuration:1589 | - Configured SessionFactory: null
log4j1 : 2016-09-01 17:50:36 main |  |  |  | INFO  | org.hibernate.cfg.HbmBinder:2404 | - Mapping collection: com.baseframework.domain.security.access.Module.functions -> function
log4j1 : 2016-09-01 17:50:37 main |  |  |  | INFO  | org.hibernate.util.NamingHelper:49 | - JNDI InitialContext properties:{}
log4j1 : 2016-09-01 17:50:37 main |  |  |  | INFO  | org.hibernate.connection.DatasourceConnectionProvider:84 | - Using datasource: testDS
log4j1 : 2016-09-01 17:50:37 main |  |  |  | INFO  | org.hibernate.dialect.Dialect:175 | - Using dialect: org.hibernate.dialect.HSQLDialect
log4j1 : 2016-09-01 17:50:37 main |  |  |  | INFO  | org.hibernate.transaction.TransactionFactoryFactory:59 | - Using default transaction strategy (direct JDBC transactions)
log4j1 : 2016-09-01 17:50:37 main |  |  |  | INFO  | org.hibernate.transaction.TransactionManagerLookupFactory:80 | - No TransactionManagerLookup configured (in JTA environment, use of read-write or transactional second-level cache is not recommended)
log4j1 : 2016-09-01 17:50:37 main |  |  |  | INFO  | org.hibernate.cfg.SettingsFactory:161 | - Automatic flush during beforeCompletion(): enabled
log4j1 : 2016-09-01 17:50:37 main |  |  |  | INFO  | org.hibernate.cfg.SettingsFactory:165 | - Automatic session close at end of transaction: disabled
log4j1 : 2016-09-01 17:50:37 main |  |  |  | INFO  | org.hibernate.cfg.SettingsFactory:180 | - Scrollable result sets: disabled
log4j1 : 2016-09-01 17:50:37 main |  |  |  | INFO  | org.hibernate.cfg.SettingsFactory:188 | - JDBC3 getGeneratedKeys(): disabled
log4j1 : 2016-09-01 17:50:37 main |  |  |  | INFO  | org.hibernate.cfg.SettingsFactory:196 | - Connection release mode: on_close
log4j1 : 2016-09-01 17:50:37 main |  |  |  | INFO  | org.hibernate.cfg.SettingsFactory:214 | - Default schema: BASE
log4j1 : 2016-09-01 17:50:37 main |  |  |  | INFO  | org.hibernate.cfg.SettingsFactory:220 | - Maximum outer join fetch depth: 2
log4j1 : 2016-09-01 17:50:37 main |  |  |  | INFO  | org.hibernate.cfg.SettingsFactory:223 | - Default batch fetch size: 1
log4j1 : 2016-09-01 17:50:37 main |  |  |  | INFO  | org.hibernate.cfg.SettingsFactory:227 | - Generate SQL with comments: disabled
log4j1 : 2016-09-01 17:50:37 main |  |  |  | INFO  | org.hibernate.cfg.SettingsFactory:231 | - Order SQL updates by primary key: disabled
log4j1 : 2016-09-01 17:50:37 main |  |  |  | INFO  | org.hibernate.cfg.SettingsFactory:235 | - Order SQL inserts for batching: disabled
log4j1 : 2016-09-01 17:50:37 main |  |  |  | INFO  | org.hibernate.cfg.SettingsFactory:397 | - Query translator: org.hibernate.hql.ast.ASTQueryTranslatorFactory
log4j1 : 2016-09-01 17:50:37 main |  |  |  | INFO  | org.hibernate.hql.ast.ASTQueryTranslatorFactory:47 | - Using ASTQueryTranslatorFactory
log4j1 : 2016-09-01 17:50:37 main |  |  |  | INFO  | org.hibernate.cfg.SettingsFactory:243 | - Query language substitutions: {}
log4j1 : 2016-09-01 17:50:37 main |  |  |  | INFO  | org.hibernate.cfg.SettingsFactory:248 | - JPA-QL strict compliance: disabled
log4j1 : 2016-09-01 17:50:37 main |  |  |  | INFO  | org.hibernate.cfg.SettingsFactory:253 | - Second-level cache: enabled
log4j1 : 2016-09-01 17:50:37 main |  |  |  | INFO  | org.hibernate.cfg.SettingsFactory:257 | - Query cache: disabled
log4j1 : 2016-09-01 17:50:37 main |  |  |  | INFO  | org.hibernate.cfg.SettingsFactory:382 | - Cache region factory : org.hibernate.cache.impl.NoCachingRegionFactory
log4j1 : 2016-09-01 17:50:37 main |  |  |  | INFO  | org.hibernate.cfg.SettingsFactory:267 | - Optimize cache for minimal puts: disabled
log4j1 : 2016-09-01 17:50:37 main |  |  |  | INFO  | org.hibernate.cfg.SettingsFactory:276 | - Structured second-level cache entries: disabled
log4j1 : 2016-09-01 17:50:37 main |  |  |  | INFO  | org.hibernate.cfg.SettingsFactory:305 | - Statistics: disabled
log4j1 : 2016-09-01 17:50:37 main |  |  |  | INFO  | org.hibernate.cfg.SettingsFactory:309 | - Deleted entity synthetic identifier rollback: disabled
log4j1 : 2016-09-01 17:50:37 main |  |  |  | INFO  | org.hibernate.cfg.SettingsFactory:324 | - Default entity-mode: pojo
log4j1 : 2016-09-01 17:50:37 main |  |  |  | INFO  | org.hibernate.cfg.SettingsFactory:328 | - Named query checking : enabled
log4j1 : 2016-09-01 17:50:37 main |  |  |  | INFO  | org.hibernate.impl.SessionFactoryImpl:193 | - building session factory
log4j1 : 2016-09-01 17:50:37 main |  |  |  | INFO  | org.hibernate.impl.SessionFactoryObjectFactory:105 | - Not binding factory to JNDI, no JNDI name configured
log4j1 : 2016-09-01 17:50:37 main |  |  |  | INFO  | org.hibernate.impl.SessionFactoryImpl:853 | - closing
log4j1 : 2016-09-01 17:50:50 main |  |  |  | INFO  | org.eclipse.jetty.util.log:186 | - Logging initialized @391ms
log4j1 : 2016-09-01 17:50:50 main |  |  |  | INFO  | org.hibernate.cfg.Environment:560 | - Hibernate 3.3.2.GA
log4j1 : 2016-09-01 17:50:50 main |  |  |  | INFO  | org.hibernate.cfg.Environment:593 | - hibernate.properties not found
log4j1 : 2016-09-01 17:50:50 main |  |  |  | INFO  | org.hibernate.cfg.Environment:771 | - Bytecode provider name : javassist
log4j1 : 2016-09-01 17:50:50 main |  |  |  | INFO  | org.hibernate.cfg.Environment:652 | - using JDK 1.4 java.sql.Timestamp handling
log4j1 : 2016-09-01 17:50:50 main |  |  |  | INFO  | org.hibernate.cfg.Configuration:1508 | - configuring from file: hibernate.cfg.xml
log4j1 : 2016-09-01 17:50:50 main |  |  |  | INFO  | org.hibernate.cfg.Configuration:600 | - Reading mappings from resource : com/baseframework/config/hibernate/User.hbm.xml
log4j1 : 2016-09-01 17:50:50 main |  |  |  | INFO  | org.hibernate.cfg.HbmBinder:322 | - Mapping class: com.baseframework.domain.security.core.userdetails.User -> USER
log4j1 : 2016-09-01 17:50:50 main |  |  |  | INFO  | org.hibernate.cfg.Configuration:600 | - Reading mappings from resource : com/baseframework/config/hibernate/Role.hbm.xml
log4j1 : 2016-09-01 17:50:50 main |  |  |  | INFO  | org.hibernate.cfg.HbmBinder:322 | - Mapping class: com.baseframework.domain.security.access.Role -> ROLE
log4j1 : 2016-09-01 17:50:50 main |  |  |  | INFO  | org.hibernate.cfg.HbmBinder:1441 | - Mapping collection: com.baseframework.domain.security.access.Role.functions -> PERMISSION
log4j1 : 2016-09-01 17:50:50 main |  |  |  | INFO  | org.hibernate.cfg.Configuration:600 | - Reading mappings from resource : com/baseframework/config/hibernate/Module.hbm.xml
log4j1 : 2016-09-01 17:50:50 main |  |  |  | INFO  | org.hibernate.cfg.HbmBinder:322 | - Mapping class: com.baseframework.domain.security.access.Module -> MODULE
log4j1 : 2016-09-01 17:50:50 main |  |  |  | INFO  | org.hibernate.cfg.Configuration:600 | - Reading mappings from resource : com/baseframework/config/hibernate/Function.hbm.xml
log4j1 : 2016-09-01 17:50:50 main |  |  |  | INFO  | org.hibernate.cfg.HbmBinder:322 | - Mapping class: com.baseframework.domain.security.access.Function -> function
log4j1 : 2016-09-01 17:50:50 main |  |  |  | INFO  | org.hibernate.cfg.Configuration:600 | - Reading mappings from resource : com/baseframework/config/hibernate/Authenticate.hbm.xml
log4j1 : 2016-09-01 17:50:50 main |  |  |  | INFO  | org.hibernate.cfg.HbmBinder:322 | - Mapping class: com.baseframework.domain.security.access.Authenticate -> PERMISSION
log4j1 : 2016-09-01 17:50:50 main |  |  |  | INFO  | org.hibernate.cfg.Configuration:1589 | - Configured SessionFactory: null
log4j1 : 2016-09-01 17:50:50 main |  |  |  | INFO  | org.hibernate.cfg.HbmBinder:2404 | - Mapping collection: com.baseframework.domain.security.access.Module.functions -> function
log4j1 : 2016-09-01 17:50:50 main |  |  |  | INFO  | org.hibernate.util.NamingHelper:49 | - JNDI InitialContext properties:{}
log4j1 : 2016-09-01 17:50:50 main |  |  |  | INFO  | org.hibernate.connection.DatasourceConnectionProvider:84 | - Using datasource: testDS
log4j1 : 2016-09-01 17:50:50 main |  |  |  | INFO  | org.hibernate.dialect.Dialect:175 | - Using dialect: org.hibernate.dialect.HSQLDialect
log4j1 : 2016-09-01 17:50:50 main |  |  |  | INFO  | org.hibernate.transaction.TransactionFactoryFactory:59 | - Using default transaction strategy (direct JDBC transactions)
log4j1 : 2016-09-01 17:50:50 main |  |  |  | INFO  | org.hibernate.transaction.TransactionManagerLookupFactory:80 | - No TransactionManagerLookup configured (in JTA environment, use of read-write or transactional second-level cache is not recommended)
log4j1 : 2016-09-01 17:50:50 main |  |  |  | INFO  | org.hibernate.cfg.SettingsFactory:161 | - Automatic flush during beforeCompletion(): enabled
log4j1 : 2016-09-01 17:50:50 main |  |  |  | INFO  | org.hibernate.cfg.SettingsFactory:165 | - Automatic session close at end of transaction: disabled
log4j1 : 2016-09-01 17:50:50 main |  |  |  | INFO  | org.hibernate.cfg.SettingsFactory:180 | - Scrollable result sets: disabled
log4j1 : 2016-09-01 17:50:50 main |  |  |  | INFO  | org.hibernate.cfg.SettingsFactory:188 | - JDBC3 getGeneratedKeys(): disabled
log4j1 : 2016-09-01 17:50:50 main |  |  |  | INFO  | org.hibernate.cfg.SettingsFactory:196 | - Connection release mode: on_close
log4j1 : 2016-09-01 17:50:50 main |  |  |  | INFO  | org.hibernate.cfg.SettingsFactory:214 | - Default schema: BASE
log4j1 : 2016-09-01 17:50:50 main |  |  |  | INFO  | org.hibernate.cfg.SettingsFactory:220 | - Maximum outer join fetch depth: 2
log4j1 : 2016-09-01 17:50:50 main |  |  |  | INFO  | org.hibernate.cfg.SettingsFactory:223 | - Default batch fetch size: 1
log4j1 : 2016-09-01 17:50:50 main |  |  |  | INFO  | org.hibernate.cfg.SettingsFactory:227 | - Generate SQL with comments: disabled
log4j1 : 2016-09-01 17:50:50 main |  |  |  | INFO  | org.hibernate.cfg.SettingsFactory:231 | - Order SQL updates by primary key: disabled
log4j1 : 2016-09-01 17:50:50 main |  |  |  | INFO  | org.hibernate.cfg.SettingsFactory:235 | - Order SQL inserts for batching: disabled
log4j1 : 2016-09-01 17:50:50 main |  |  |  | INFO  | org.hibernate.cfg.SettingsFactory:397 | - Query translator: org.hibernate.hql.ast.ASTQueryTranslatorFactory
log4j1 : 2016-09-01 17:50:50 main |  |  |  | INFO  | org.hibernate.hql.ast.ASTQueryTranslatorFactory:47 | - Using ASTQueryTranslatorFactory
log4j1 : 2016-09-01 17:50:50 main |  |  |  | INFO  | org.hibernate.cfg.SettingsFactory:243 | - Query language substitutions: {}
log4j1 : 2016-09-01 17:50:50 main |  |  |  | INFO  | org.hibernate.cfg.SettingsFactory:248 | - JPA-QL strict compliance: disabled
log4j1 : 2016-09-01 17:50:50 main |  |  |  | INFO  | org.hibernate.cfg.SettingsFactory:253 | - Second-level cache: enabled
log4j1 : 2016-09-01 17:50:50 main |  |  |  | INFO  | org.hibernate.cfg.SettingsFactory:257 | - Query cache: disabled
log4j1 : 2016-09-01 17:50:50 main |  |  |  | INFO  | org.hibernate.cfg.SettingsFactory:382 | - Cache region factory : org.hibernate.cache.impl.NoCachingRegionFactory
log4j1 : 2016-09-01 17:50:50 main |  |  |  | INFO  | org.hibernate.cfg.SettingsFactory:267 | - Optimize cache for minimal puts: disabled
log4j1 : 2016-09-01 17:50:50 main |  |  |  | INFO  | org.hibernate.cfg.SettingsFactory:276 | - Structured second-level cache entries: disabled
log4j1 : 2016-09-01 17:50:50 main |  |  |  | INFO  | org.hibernate.cfg.SettingsFactory:305 | - Statistics: disabled
log4j1 : 2016-09-01 17:50:50 main |  |  |  | INFO  | org.hibernate.cfg.SettingsFactory:309 | - Deleted entity synthetic identifier rollback: disabled
log4j1 : 2016-09-01 17:50:50 main |  |  |  | INFO  | org.hibernate.cfg.SettingsFactory:324 | - Default entity-mode: pojo
log4j1 : 2016-09-01 17:50:50 main |  |  |  | INFO  | org.hibernate.cfg.SettingsFactory:328 | - Named query checking : enabled
log4j1 : 2016-09-01 17:50:50 main |  |  |  | INFO  | org.hibernate.impl.SessionFactoryImpl:193 | - building session factory
log4j1 : 2016-09-01 17:50:50 main |  |  |  | INFO  | org.hibernate.impl.SessionFactoryObjectFactory:105 | - Not binding factory to JNDI, no JNDI name configured
log4j1 : 2016-09-01 17:50:50 main |  |  |  | WARN  | org.hibernate.util.JDBCExceptionReporter:100 | - SQL Error: -1301, SQLState: 08001
log4j1 : 2016-09-01 17:50:50 main |  |  |  | ERROR | org.hibernate.util.JDBCExceptionReporter:101 | - java.net.ConnectException: Connection refused
log4j1 : 2016-09-01 17:50:50 main |  |  |  | INFO  | org.hibernate.impl.SessionFactoryImpl:853 | - closing
log4j1 : 2016-09-01 17:51:41 main |  |  |  | INFO  | org.eclipse.jetty.util.log:186 | - Logging initialized @447ms
log4j1 : 2016-09-01 17:51:41 main |  |  |  | INFO  | org.hibernate.cfg.Environment:560 | - Hibernate 3.3.2.GA
log4j1 : 2016-09-01 17:51:41 main |  |  |  | INFO  | org.hibernate.cfg.Environment:593 | - hibernate.properties not found
log4j1 : 2016-09-01 17:51:41 main |  |  |  | INFO  | org.hibernate.cfg.Environment:771 | - Bytecode provider name : javassist
log4j1 : 2016-09-01 17:51:41 main |  |  |  | INFO  | org.hibernate.cfg.Environment:652 | - using JDK 1.4 java.sql.Timestamp handling
log4j1 : 2016-09-01 17:51:41 main |  |  |  | INFO  | org.hibernate.cfg.Configuration:1508 | - configuring from file: hibernate.cfg.xml
log4j1 : 2016-09-01 17:51:41 main |  |  |  | INFO  | org.hibernate.cfg.Configuration:600 | - Reading mappings from resource : com/baseframework/config/hibernate/User.hbm.xml
log4j1 : 2016-09-01 17:51:41 main |  |  |  | INFO  | org.hibernate.cfg.HbmBinder:322 | - Mapping class: com.baseframework.domain.security.core.userdetails.User -> USER
log4j1 : 2016-09-01 17:51:42 main |  |  |  | INFO  | org.hibernate.cfg.Configuration:600 | - Reading mappings from resource : com/baseframework/config/hibernate/Role.hbm.xml
log4j1 : 2016-09-01 17:51:42 main |  |  |  | INFO  | org.hibernate.cfg.HbmBinder:322 | - Mapping class: com.baseframework.domain.security.access.Role -> ROLE
log4j1 : 2016-09-01 17:51:42 main |  |  |  | INFO  | org.hibernate.cfg.HbmBinder:1441 | - Mapping collection: com.baseframework.domain.security.access.Role.functions -> PERMISSION
log4j1 : 2016-09-01 17:51:42 main |  |  |  | INFO  | org.hibernate.cfg.Configuration:600 | - Reading mappings from resource : com/baseframework/config/hibernate/Module.hbm.xml
log4j1 : 2016-09-01 17:51:42 main |  |  |  | INFO  | org.hibernate.cfg.HbmBinder:322 | - Mapping class: com.baseframework.domain.security.access.Module -> MODULE
log4j1 : 2016-09-01 17:51:42 main |  |  |  | INFO  | org.hibernate.cfg.Configuration:600 | - Reading mappings from resource : com/baseframework/config/hibernate/Function.hbm.xml
log4j1 : 2016-09-01 17:51:42 main |  |  |  | INFO  | org.hibernate.cfg.HbmBinder:322 | - Mapping class: com.baseframework.domain.security.access.Function -> function
log4j1 : 2016-09-01 17:51:42 main |  |  |  | INFO  | org.hibernate.cfg.Configuration:600 | - Reading mappings from resource : com/baseframework/config/hibernate/Authenticate.hbm.xml
log4j1 : 2016-09-01 17:51:42 main |  |  |  | INFO  | org.hibernate.cfg.HbmBinder:322 | - Mapping class: com.baseframework.domain.security.access.Authenticate -> PERMISSION
log4j1 : 2016-09-01 17:51:42 main |  |  |  | INFO  | org.hibernate.cfg.Configuration:1589 | - Configured SessionFactory: null
log4j1 : 2016-09-01 17:51:42 main |  |  |  | INFO  | org.hibernate.cfg.HbmBinder:2404 | - Mapping collection: com.baseframework.domain.security.access.Module.functions -> function
log4j1 : 2016-09-01 17:51:42 main |  |  |  | INFO  | org.hibernate.util.NamingHelper:49 | - JNDI InitialContext properties:{}
log4j1 : 2016-09-01 17:51:42 main |  |  |  | INFO  | org.hibernate.connection.DatasourceConnectionProvider:84 | - Using datasource: testDS
log4j1 : 2016-09-01 17:51:42 main |  |  |  | INFO  | org.hibernate.dialect.Dialect:175 | - Using dialect: org.hibernate.dialect.HSQLDialect
log4j1 : 2016-09-01 17:51:42 main |  |  |  | INFO  | org.hibernate.transaction.TransactionFactoryFactory:59 | - Using default transaction strategy (direct JDBC transactions)
log4j1 : 2016-09-01 17:51:42 main |  |  |  | INFO  | org.hibernate.transaction.TransactionManagerLookupFactory:80 | - No TransactionManagerLookup configured (in JTA environment, use of read-write or transactional second-level cache is not recommended)
log4j1 : 2016-09-01 17:51:42 main |  |  |  | INFO  | org.hibernate.cfg.SettingsFactory:161 | - Automatic flush during beforeCompletion(): enabled
log4j1 : 2016-09-01 17:51:42 main |  |  |  | INFO  | org.hibernate.cfg.SettingsFactory:165 | - Automatic session close at end of transaction: disabled
log4j1 : 2016-09-01 17:51:42 main |  |  |  | INFO  | org.hibernate.cfg.SettingsFactory:180 | - Scrollable result sets: disabled
log4j1 : 2016-09-01 17:51:42 main |  |  |  | INFO  | org.hibernate.cfg.SettingsFactory:188 | - JDBC3 getGeneratedKeys(): disabled
log4j1 : 2016-09-01 17:51:42 main |  |  |  | INFO  | org.hibernate.cfg.SettingsFactory:196 | - Connection release mode: on_close
log4j1 : 2016-09-01 17:51:42 main |  |  |  | INFO  | org.hibernate.cfg.SettingsFactory:214 | - Default schema: BASE
log4j1 : 2016-09-01 17:51:42 main |  |  |  | INFO  | org.hibernate.cfg.SettingsFactory:220 | - Maximum outer join fetch depth: 2
log4j1 : 2016-09-01 17:51:42 main |  |  |  | INFO  | org.hibernate.cfg.SettingsFactory:223 | - Default batch fetch size: 1
log4j1 : 2016-09-01 17:51:42 main |  |  |  | INFO  | org.hibernate.cfg.SettingsFactory:227 | - Generate SQL with comments: disabled
log4j1 : 2016-09-01 17:51:42 main |  |  |  | INFO  | org.hibernate.cfg.SettingsFactory:231 | - Order SQL updates by primary key: disabled
log4j1 : 2016-09-01 17:51:42 main |  |  |  | INFO  | org.hibernate.cfg.SettingsFactory:235 | - Order SQL inserts for batching: disabled
log4j1 : 2016-09-01 17:51:42 main |  |  |  | INFO  | org.hibernate.cfg.SettingsFactory:397 | - Query translator: org.hibernate.hql.ast.ASTQueryTranslatorFactory
log4j1 : 2016-09-01 17:51:42 main |  |  |  | INFO  | org.hibernate.hql.ast.ASTQueryTranslatorFactory:47 | - Using ASTQueryTranslatorFactory
log4j1 : 2016-09-01 17:51:42 main |  |  |  | INFO  | org.hibernate.cfg.SettingsFactory:243 | - Query language substitutions: {}
log4j1 : 2016-09-01 17:51:42 main |  |  |  | INFO  | org.hibernate.cfg.SettingsFactory:248 | - JPA-QL strict compliance: disabled
log4j1 : 2016-09-01 17:51:42 main |  |  |  | INFO  | org.hibernate.cfg.SettingsFactory:253 | - Second-level cache: enabled
log4j1 : 2016-09-01 17:51:42 main |  |  |  | INFO  | org.hibernate.cfg.SettingsFactory:257 | - Query cache: disabled
log4j1 : 2016-09-01 17:51:42 main |  |  |  | INFO  | org.hibernate.cfg.SettingsFactory:382 | - Cache region factory : org.hibernate.cache.impl.NoCachingRegionFactory
log4j1 : 2016-09-01 17:51:42 main |  |  |  | INFO  | org.hibernate.cfg.SettingsFactory:267 | - Optimize cache for minimal puts: disabled
log4j1 : 2016-09-01 17:51:42 main |  |  |  | INFO  | org.hibernate.cfg.SettingsFactory:276 | - Structured second-level cache entries: disabled
log4j1 : 2016-09-01 17:51:42 main |  |  |  | INFO  | org.hibernate.cfg.SettingsFactory:305 | - Statistics: disabled
log4j1 : 2016-09-01 17:51:42 main |  |  |  | INFO  | org.hibernate.cfg.SettingsFactory:309 | - Deleted entity synthetic identifier rollback: disabled
log4j1 : 2016-09-01 17:51:42 main |  |  |  | INFO  | org.hibernate.cfg.SettingsFactory:324 | - Default entity-mode: pojo
log4j1 : 2016-09-01 17:51:42 main |  |  |  | INFO  | org.hibernate.cfg.SettingsFactory:328 | - Named query checking : enabled
log4j1 : 2016-09-01 17:51:42 main |  |  |  | INFO  | org.hibernate.impl.SessionFactoryImpl:193 | - building session factory
log4j1 : 2016-09-01 17:51:42 main |  |  |  | INFO  | org.hibernate.impl.SessionFactoryObjectFactory:105 | - Not binding factory to JNDI, no JNDI name configured
log4j1 : 2016-09-01 17:51:42 main |  |  |  | INFO  | org.hibernate.impl.SessionFactoryImpl:853 | - closing
log4j1 : 2016-09-01 17:59:15 main |  |  |  | INFO  | org.eclipse.jetty.util.log:186 | - Logging initialized @391ms
log4j1 : 2016-09-01 17:59:15 main |  |  |  | INFO  | org.hibernate.cfg.Environment:560 | - Hibernate 3.3.2.GA
log4j1 : 2016-09-01 17:59:15 main |  |  |  | INFO  | org.hibernate.cfg.Environment:593 | - hibernate.properties not found
log4j1 : 2016-09-01 17:59:15 main |  |  |  | INFO  | org.hibernate.cfg.Environment:771 | - Bytecode provider name : javassist
log4j1 : 2016-09-01 17:59:15 main |  |  |  | INFO  | org.hibernate.cfg.Environment:652 | - using JDK 1.4 java.sql.Timestamp handling
log4j1 : 2016-09-01 17:59:15 main |  |  |  | INFO  | org.hibernate.cfg.Configuration:1508 | - configuring from file: hibernate.cfg.xml
log4j1 : 2016-09-01 17:59:15 main |  |  |  | INFO  | org.hibernate.cfg.Configuration:600 | - Reading mappings from resource : com/baseframework/config/hibernate/User.hbm.xml
log4j1 : 2016-09-01 17:59:15 main |  |  |  | INFO  | org.hibernate.cfg.HbmBinder:322 | - Mapping class: com.baseframework.domain.security.core.userdetails.User -> USER
log4j1 : 2016-09-01 17:59:15 main |  |  |  | INFO  | org.hibernate.cfg.Configuration:600 | - Reading mappings from resource : com/baseframework/config/hibernate/Role.hbm.xml
log4j1 : 2016-09-01 17:59:15 main |  |  |  | INFO  | org.hibernate.cfg.HbmBinder:322 | - Mapping class: com.baseframework.domain.security.access.Role -> ROLE
log4j1 : 2016-09-01 17:59:15 main |  |  |  | INFO  | org.hibernate.cfg.HbmBinder:1441 | - Mapping collection: com.baseframework.domain.security.access.Role.functions -> PERMISSION
log4j1 : 2016-09-01 17:59:15 main |  |  |  | INFO  | org.hibernate.cfg.Configuration:600 | - Reading mappings from resource : com/baseframework/config/hibernate/Module.hbm.xml
log4j1 : 2016-09-01 17:59:15 main |  |  |  | INFO  | org.hibernate.cfg.HbmBinder:322 | - Mapping class: com.baseframework.domain.security.access.Module -> MODULE
log4j1 : 2016-09-01 17:59:15 main |  |  |  | INFO  | org.hibernate.cfg.Configuration:600 | - Reading mappings from resource : com/baseframework/config/hibernate/Function.hbm.xml
log4j1 : 2016-09-01 17:59:15 main |  |  |  | INFO  | org.hibernate.cfg.HbmBinder:322 | - Mapping class: com.baseframework.domain.security.access.Function -> function
log4j1 : 2016-09-01 17:59:15 main |  |  |  | INFO  | org.hibernate.cfg.Configuration:600 | - Reading mappings from resource : com/baseframework/config/hibernate/Authenticate.hbm.xml
log4j1 : 2016-09-01 17:59:15 main |  |  |  | INFO  | org.hibernate.cfg.HbmBinder:322 | - Mapping class: com.baseframework.domain.security.access.Authenticate -> PERMISSION
log4j1 : 2016-09-01 17:59:15 main |  |  |  | INFO  | org.hibernate.cfg.Configuration:1589 | - Configured SessionFactory: null
log4j1 : 2016-09-01 17:59:15 main |  |  |  | INFO  | org.hibernate.cfg.HbmBinder:2404 | - Mapping collection: com.baseframework.domain.security.access.Module.functions -> function
log4j1 : 2016-09-01 17:59:15 main |  |  |  | INFO  | org.hibernate.util.NamingHelper:49 | - JNDI InitialContext properties:{}
log4j1 : 2016-09-01 17:59:15 main |  |  |  | INFO  | org.hibernate.connection.DatasourceConnectionProvider:84 | - Using datasource: testDS
log4j1 : 2016-09-01 17:59:15 main |  |  |  | INFO  | org.hibernate.dialect.Dialect:175 | - Using dialect: org.hibernate.dialect.HSQLDialect
log4j1 : 2016-09-01 17:59:15 main |  |  |  | INFO  | org.hibernate.transaction.TransactionFactoryFactory:59 | - Using default transaction strategy (direct JDBC transactions)
log4j1 : 2016-09-01 17:59:15 main |  |  |  | INFO  | org.hibernate.transaction.TransactionManagerLookupFactory:80 | - No TransactionManagerLookup configured (in JTA environment, use of read-write or transactional second-level cache is not recommended)
log4j1 : 2016-09-01 17:59:15 main |  |  |  | INFO  | org.hibernate.cfg.SettingsFactory:161 | - Automatic flush during beforeCompletion(): enabled
log4j1 : 2016-09-01 17:59:15 main |  |  |  | INFO  | org.hibernate.cfg.SettingsFactory:165 | - Automatic session close at end of transaction: disabled
log4j1 : 2016-09-01 17:59:15 main |  |  |  | INFO  | org.hibernate.cfg.SettingsFactory:180 | - Scrollable result sets: disabled
log4j1 : 2016-09-01 17:59:15 main |  |  |  | INFO  | org.hibernate.cfg.SettingsFactory:188 | - JDBC3 getGeneratedKeys(): disabled
log4j1 : 2016-09-01 17:59:15 main |  |  |  | INFO  | org.hibernate.cfg.SettingsFactory:196 | - Connection release mode: on_close
log4j1 : 2016-09-01 17:59:15 main |  |  |  | INFO  | org.hibernate.cfg.SettingsFactory:214 | - Default schema: BASE
log4j1 : 2016-09-01 17:59:15 main |  |  |  | INFO  | org.hibernate.cfg.SettingsFactory:220 | - Maximum outer join fetch depth: 2
log4j1 : 2016-09-01 17:59:15 main |  |  |  | INFO  | org.hibernate.cfg.SettingsFactory:223 | - Default batch fetch size: 1
log4j1 : 2016-09-01 17:59:15 main |  |  |  | INFO  | org.hibernate.cfg.SettingsFactory:227 | - Generate SQL with comments: disabled
log4j1 : 2016-09-01 17:59:15 main |  |  |  | INFO  | org.hibernate.cfg.SettingsFactory:231 | - Order SQL updates by primary key: disabled
log4j1 : 2016-09-01 17:59:15 main |  |  |  | INFO  | org.hibernate.cfg.SettingsFactory:235 | - Order SQL inserts for batching: disabled
log4j1 : 2016-09-01 17:59:15 main |  |  |  | INFO  | org.hibernate.cfg.SettingsFactory:397 | - Query translator: org.hibernate.hql.ast.ASTQueryTranslatorFactory
log4j1 : 2016-09-01 17:59:15 main |  |  |  | INFO  | org.hibernate.hql.ast.ASTQueryTranslatorFactory:47 | - Using ASTQueryTranslatorFactory
log4j1 : 2016-09-01 17:59:15 main |  |  |  | INFO  | org.hibernate.cfg.SettingsFactory:243 | - Query language substitutions: {}
log4j1 : 2016-09-01 17:59:15 main |  |  |  | INFO  | org.hibernate.cfg.SettingsFactory:248 | - JPA-QL strict compliance: disabled
log4j1 : 2016-09-01 17:59:15 main |  |  |  | INFO  | org.hibernate.cfg.SettingsFactory:253 | - Second-level cache: enabled
log4j1 : 2016-09-01 17:59:15 main |  |  |  | INFO  | org.hibernate.cfg.SettingsFactory:257 | - Query cache: disabled
log4j1 : 2016-09-01 17:59:15 main |  |  |  | INFO  | org.hibernate.cfg.SettingsFactory:382 | - Cache region factory : org.hibernate.cache.impl.NoCachingRegionFactory
log4j1 : 2016-09-01 17:59:15 main |  |  |  | INFO  | org.hibernate.cfg.SettingsFactory:267 | - Optimize cache for minimal puts: disabled
log4j1 : 2016-09-01 17:59:15 main |  |  |  | INFO  | org.hibernate.cfg.SettingsFactory:276 | - Structured second-level cache entries: disabled
log4j1 : 2016-09-01 17:59:15 main |  |  |  | INFO  | org.hibernate.cfg.SettingsFactory:305 | - Statistics: disabled
log4j1 : 2016-09-01 17:59:15 main |  |  |  | INFO  | org.hibernate.cfg.SettingsFactory:309 | - Deleted entity synthetic identifier rollback: disabled
log4j1 : 2016-09-01 17:59:15 main |  |  |  | INFO  | org.hibernate.cfg.SettingsFactory:324 | - Default entity-mode: pojo
log4j1 : 2016-09-01 17:59:15 main |  |  |  | INFO  | org.hibernate.cfg.SettingsFactory:328 | - Named query checking : enabled
log4j1 : 2016-09-01 17:59:16 main |  |  |  | INFO  | org.hibernate.impl.SessionFactoryImpl:193 | - building session factory
log4j1 : 2016-09-01 17:59:16 main |  |  |  | INFO  | org.hibernate.impl.SessionFactoryObjectFactory:105 | - Not binding factory to JNDI, no JNDI name configured
log4j1 : 2016-09-01 17:59:16 main |  |  |  | INFO  | org.hibernate.impl.SessionFactoryImpl:853 | - closing
log4j1 : 2016-09-01 17:59:53 main |  |  |  | INFO  | org.eclipse.jetty.util.log:186 | - Logging initialized @401ms
log4j1 : 2016-09-01 17:59:53 main |  |  |  | INFO  | org.hibernate.cfg.Environment:560 | - Hibernate 3.3.2.GA
log4j1 : 2016-09-01 17:59:53 main |  |  |  | INFO  | org.hibernate.cfg.Environment:593 | - hibernate.properties not found
log4j1 : 2016-09-01 17:59:53 main |  |  |  | INFO  | org.hibernate.cfg.Environment:771 | - Bytecode provider name : javassist
log4j1 : 2016-09-01 17:59:53 main |  |  |  | INFO  | org.hibernate.cfg.Environment:652 | - using JDK 1.4 java.sql.Timestamp handling
log4j1 : 2016-09-01 17:59:53 main |  |  |  | INFO  | org.hibernate.cfg.Configuration:1508 | - configuring from file: hibernate.cfg.xml
log4j1 : 2016-09-01 17:59:53 main |  |  |  | INFO  | org.hibernate.cfg.Configuration:600 | - Reading mappings from resource : com/baseframework/config/hibernate/User.hbm.xml
log4j1 : 2016-09-01 17:59:53 main |  |  |  | INFO  | org.hibernate.cfg.HbmBinder:322 | - Mapping class: com.baseframework.domain.security.core.userdetails.User -> USER
log4j1 : 2016-09-01 17:59:53 main |  |  |  | INFO  | org.hibernate.cfg.Configuration:600 | - Reading mappings from resource : com/baseframework/config/hibernate/Role.hbm.xml
log4j1 : 2016-09-01 17:59:53 main |  |  |  | INFO  | org.hibernate.cfg.HbmBinder:322 | - Mapping class: com.baseframework.domain.security.access.Role -> ROLE
log4j1 : 2016-09-01 17:59:53 main |  |  |  | INFO  | org.hibernate.cfg.HbmBinder:1441 | - Mapping collection: com.baseframework.domain.security.access.Role.functions -> PERMISSION
log4j1 : 2016-09-01 17:59:53 main |  |  |  | INFO  | org.hibernate.cfg.Configuration:600 | - Reading mappings from resource : com/baseframework/config/hibernate/Module.hbm.xml
log4j1 : 2016-09-01 17:59:53 main |  |  |  | INFO  | org.hibernate.cfg.HbmBinder:322 | - Mapping class: com.baseframework.domain.security.access.Module -> MODULE
log4j1 : 2016-09-01 17:59:53 main |  |  |  | INFO  | org.hibernate.cfg.Configuration:600 | - Reading mappings from resource : com/baseframework/config/hibernate/Function.hbm.xml
log4j1 : 2016-09-01 17:59:53 main |  |  |  | INFO  | org.hibernate.cfg.HbmBinder:322 | - Mapping class: com.baseframework.domain.security.access.Function -> function
log4j1 : 2016-09-01 17:59:53 main |  |  |  | INFO  | org.hibernate.cfg.Configuration:600 | - Reading mappings from resource : com/baseframework/config/hibernate/Authenticate.hbm.xml
log4j1 : 2016-09-01 17:59:53 main |  |  |  | INFO  | org.hibernate.cfg.HbmBinder:322 | - Mapping class: com.baseframework.domain.security.access.Authenticate -> PERMISSION
log4j1 : 2016-09-01 17:59:53 main |  |  |  | INFO  | org.hibernate.cfg.Configuration:1589 | - Configured SessionFactory: null
log4j1 : 2016-09-01 17:59:53 main |  |  |  | INFO  | org.hibernate.cfg.HbmBinder:2404 | - Mapping collection: com.baseframework.domain.security.access.Module.functions -> function
log4j1 : 2016-09-01 17:59:53 main |  |  |  | INFO  | org.hibernate.util.NamingHelper:49 | - JNDI InitialContext properties:{}
log4j1 : 2016-09-01 17:59:53 main |  |  |  | INFO  | org.hibernate.connection.DatasourceConnectionProvider:84 | - Using datasource: testDS
log4j1 : 2016-09-01 17:59:53 main |  |  |  | INFO  | org.hibernate.dialect.Dialect:175 | - Using dialect: org.hibernate.dialect.HSQLDialect
log4j1 : 2016-09-01 17:59:53 main |  |  |  | INFO  | org.hibernate.transaction.TransactionFactoryFactory:59 | - Using default transaction strategy (direct JDBC transactions)
log4j1 : 2016-09-01 17:59:53 main |  |  |  | INFO  | org.hibernate.transaction.TransactionManagerLookupFactory:80 | - No TransactionManagerLookup configured (in JTA environment, use of read-write or transactional second-level cache is not recommended)
log4j1 : 2016-09-01 17:59:53 main |  |  |  | INFO  | org.hibernate.cfg.SettingsFactory:161 | - Automatic flush during beforeCompletion(): enabled
log4j1 : 2016-09-01 17:59:53 main |  |  |  | INFO  | org.hibernate.cfg.SettingsFactory:165 | - Automatic session close at end of transaction: disabled
log4j1 : 2016-09-01 17:59:53 main |  |  |  | INFO  | org.hibernate.cfg.SettingsFactory:180 | - Scrollable result sets: disabled
log4j1 : 2016-09-01 17:59:53 main |  |  |  | INFO  | org.hibernate.cfg.SettingsFactory:188 | - JDBC3 getGeneratedKeys(): disabled
log4j1 : 2016-09-01 17:59:53 main |  |  |  | INFO  | org.hibernate.cfg.SettingsFactory:196 | - Connection release mode: on_close
log4j1 : 2016-09-01 17:59:53 main |  |  |  | INFO  | org.hibernate.cfg.SettingsFactory:214 | - Default schema: BASE
log4j1 : 2016-09-01 17:59:53 main |  |  |  | INFO  | org.hibernate.cfg.SettingsFactory:220 | - Maximum outer join fetch depth: 2
log4j1 : 2016-09-01 17:59:53 main |  |  |  | INFO  | org.hibernate.cfg.SettingsFactory:223 | - Default batch fetch size: 1
log4j1 : 2016-09-01 17:59:53 main |  |  |  | INFO  | org.hibernate.cfg.SettingsFactory:227 | - Generate SQL with comments: disabled
log4j1 : 2016-09-01 17:59:53 main |  |  |  | INFO  | org.hibernate.cfg.SettingsFactory:231 | - Order SQL updates by primary key: disabled
log4j1 : 2016-09-01 17:59:53 main |  |  |  | INFO  | org.hibernate.cfg.SettingsFactory:235 | - Order SQL inserts for batching: disabled
log4j1 : 2016-09-01 17:59:53 main |  |  |  | INFO  | org.hibernate.cfg.SettingsFactory:397 | - Query translator: org.hibernate.hql.ast.ASTQueryTranslatorFactory
log4j1 : 2016-09-01 17:59:53 main |  |  |  | INFO  | org.hibernate.hql.ast.ASTQueryTranslatorFactory:47 | - Using ASTQueryTranslatorFactory
log4j1 : 2016-09-01 17:59:53 main |  |  |  | INFO  | org.hibernate.cfg.SettingsFactory:243 | - Query language substitutions: {}
log4j1 : 2016-09-01 17:59:53 main |  |  |  | INFO  | org.hibernate.cfg.SettingsFactory:248 | - JPA-QL strict compliance: disabled
log4j1 : 2016-09-01 17:59:53 main |  |  |  | INFO  | org.hibernate.cfg.SettingsFactory:253 | - Second-level cache: enabled
log4j1 : 2016-09-01 17:59:53 main |  |  |  | INFO  | org.hibernate.cfg.SettingsFactory:257 | - Query cache: disabled
log4j1 : 2016-09-01 17:59:53 main |  |  |  | INFO  | org.hibernate.cfg.SettingsFactory:382 | - Cache region factory : org.hibernate.cache.impl.NoCachingRegionFactory
log4j1 : 2016-09-01 17:59:53 main |  |  |  | INFO  | org.hibernate.cfg.SettingsFactory:267 | - Optimize cache for minimal puts: disabled
log4j1 : 2016-09-01 17:59:53 main |  |  |  | INFO  | org.hibernate.cfg.SettingsFactory:276 | - Structured second-level cache entries: disabled
log4j1 : 2016-09-01 17:59:53 main |  |  |  | INFO  | org.hibernate.cfg.SettingsFactory:305 | - Statistics: disabled
log4j1 : 2016-09-01 17:59:53 main |  |  |  | INFO  | org.hibernate.cfg.SettingsFactory:309 | - Deleted entity synthetic identifier rollback: disabled
log4j1 : 2016-09-01 17:59:53 main |  |  |  | INFO  | org.hibernate.cfg.SettingsFactory:324 | - Default entity-mode: pojo
log4j1 : 2016-09-01 17:59:53 main |  |  |  | INFO  | org.hibernate.cfg.SettingsFactory:328 | - Named query checking : enabled
log4j1 : 2016-09-01 17:59:53 main |  |  |  | INFO  | org.hibernate.impl.SessionFactoryImpl:193 | - building session factory
log4j1 : 2016-09-01 17:59:53 main |  |  |  | INFO  | org.hibernate.impl.SessionFactoryObjectFactory:105 | - Not binding factory to JNDI, no JNDI name configured
log4j1 : 2016-09-01 17:59:53 main |  |  |  | INFO  | org.hibernate.impl.SessionFactoryImpl:853 | - closing
log4j1 : 2016-09-01 18:00:29 main |  |  |  | INFO  | org.eclipse.jetty.util.log:186 | - Logging initialized @404ms
log4j1 : 2016-09-01 18:00:29 main |  |  |  | INFO  | org.hibernate.cfg.Environment:560 | - Hibernate 3.3.2.GA
log4j1 : 2016-09-01 18:00:29 main |  |  |  | INFO  | org.hibernate.cfg.Environment:593 | - hibernate.properties not found
log4j1 : 2016-09-01 18:00:29 main |  |  |  | INFO  | org.hibernate.cfg.Environment:771 | - Bytecode provider name : javassist
log4j1 : 2016-09-01 18:00:29 main |  |  |  | INFO  | org.hibernate.cfg.Environment:652 | - using JDK 1.4 java.sql.Timestamp handling
log4j1 : 2016-09-01 18:00:29 main |  |  |  | INFO  | org.hibernate.cfg.Configuration:1508 | - configuring from file: hibernate.cfg.xml
log4j1 : 2016-09-01 18:00:30 main |  |  |  | INFO  | org.hibernate.cfg.Configuration:600 | - Reading mappings from resource : com/baseframework/config/hibernate/User.hbm.xml
log4j1 : 2016-09-01 18:00:30 main |  |  |  | INFO  | org.hibernate.cfg.HbmBinder:322 | - Mapping class: com.baseframework.domain.security.core.userdetails.User -> USER
log4j1 : 2016-09-01 18:00:30 main |  |  |  | INFO  | org.hibernate.cfg.Configuration:600 | - Reading mappings from resource : com/baseframework/config/hibernate/Role.hbm.xml
log4j1 : 2016-09-01 18:00:30 main |  |  |  | INFO  | org.hibernate.cfg.HbmBinder:322 | - Mapping class: com.baseframework.domain.security.access.Role -> ROLE
log4j1 : 2016-09-01 18:00:30 main |  |  |  | INFO  | org.hibernate.cfg.HbmBinder:1441 | - Mapping collection: com.baseframework.domain.security.access.Role.functions -> PERMISSION
log4j1 : 2016-09-01 18:00:30 main |  |  |  | INFO  | org.hibernate.cfg.Configuration:600 | - Reading mappings from resource : com/baseframework/config/hibernate/Module.hbm.xml
log4j1 : 2016-09-01 18:00:30 main |  |  |  | INFO  | org.hibernate.cfg.HbmBinder:322 | - Mapping class: com.baseframework.domain.security.access.Module -> MODULE
log4j1 : 2016-09-01 18:00:30 main |  |  |  | INFO  | org.hibernate.cfg.Configuration:600 | - Reading mappings from resource : com/baseframework/config/hibernate/Function.hbm.xml
log4j1 : 2016-09-01 18:00:30 main |  |  |  | INFO  | org.hibernate.cfg.HbmBinder:322 | - Mapping class: com.baseframework.domain.security.access.Function -> function
log4j1 : 2016-09-01 18:00:30 main |  |  |  | INFO  | org.hibernate.cfg.Configuration:600 | - Reading mappings from resource : com/baseframework/config/hibernate/Authenticate.hbm.xml
log4j1 : 2016-09-01 18:00:30 main |  |  |  | INFO  | org.hibernate.cfg.HbmBinder:322 | - Mapping class: com.baseframework.domain.security.access.Authenticate -> PERMISSION
log4j1 : 2016-09-01 18:00:30 main |  |  |  | INFO  | org.hibernate.cfg.Configuration:1589 | - Configured SessionFactory: null
log4j1 : 2016-09-01 18:00:30 main |  |  |  | INFO  | org.hibernate.cfg.HbmBinder:2404 | - Mapping collection: com.baseframework.domain.security.access.Module.functions -> function
log4j1 : 2016-09-01 18:00:30 main |  |  |  | INFO  | org.hibernate.util.NamingHelper:49 | - JNDI InitialContext properties:{}
log4j1 : 2016-09-01 18:00:30 main |  |  |  | INFO  | org.hibernate.connection.DatasourceConnectionProvider:84 | - Using datasource: testDS
log4j1 : 2016-09-01 18:00:30 main |  |  |  | INFO  | org.hibernate.dialect.Dialect:175 | - Using dialect: org.hibernate.dialect.HSQLDialect
log4j1 : 2016-09-01 18:00:30 main |  |  |  | INFO  | org.hibernate.transaction.TransactionFactoryFactory:59 | - Using default transaction strategy (direct JDBC transactions)
log4j1 : 2016-09-01 18:00:30 main |  |  |  | INFO  | org.hibernate.transaction.TransactionManagerLookupFactory:80 | - No TransactionManagerLookup configured (in JTA environment, use of read-write or transactional second-level cache is not recommended)
log4j1 : 2016-09-01 18:00:30 main |  |  |  | INFO  | org.hibernate.cfg.SettingsFactory:161 | - Automatic flush during beforeCompletion(): enabled
log4j1 : 2016-09-01 18:00:30 main |  |  |  | INFO  | org.hibernate.cfg.SettingsFactory:165 | - Automatic session close at end of transaction: disabled
log4j1 : 2016-09-01 18:00:30 main |  |  |  | INFO  | org.hibernate.cfg.SettingsFactory:180 | - Scrollable result sets: disabled
log4j1 : 2016-09-01 18:00:30 main |  |  |  | INFO  | org.hibernate.cfg.SettingsFactory:188 | - JDBC3 getGeneratedKeys(): disabled
log4j1 : 2016-09-01 18:00:30 main |  |  |  | INFO  | org.hibernate.cfg.SettingsFactory:196 | - Connection release mode: on_close
log4j1 : 2016-09-01 18:00:30 main |  |  |  | INFO  | org.hibernate.cfg.SettingsFactory:214 | - Default schema: BASE
log4j1 : 2016-09-01 18:00:30 main |  |  |  | INFO  | org.hibernate.cfg.SettingsFactory:220 | - Maximum outer join fetch depth: 2
log4j1 : 2016-09-01 18:00:30 main |  |  |  | INFO  | org.hibernate.cfg.SettingsFactory:223 | - Default batch fetch size: 1
log4j1 : 2016-09-01 18:00:30 main |  |  |  | INFO  | org.hibernate.cfg.SettingsFactory:227 | - Generate SQL with comments: disabled
log4j1 : 2016-09-01 18:00:30 main |  |  |  | INFO  | org.hibernate.cfg.SettingsFactory:231 | - Order SQL updates by primary key: disabled
log4j1 : 2016-09-01 18:00:30 main |  |  |  | INFO  | org.hibernate.cfg.SettingsFactory:235 | - Order SQL inserts for batching: disabled
log4j1 : 2016-09-01 18:00:30 main |  |  |  | INFO  | org.hibernate.cfg.SettingsFactory:397 | - Query translator: org.hibernate.hql.ast.ASTQueryTranslatorFactory
log4j1 : 2016-09-01 18:00:30 main |  |  |  | INFO  | org.hibernate.hql.ast.ASTQueryTranslatorFactory:47 | - Using ASTQueryTranslatorFactory
log4j1 : 2016-09-01 18:00:30 main |  |  |  | INFO  | org.hibernate.cfg.SettingsFactory:243 | - Query language substitutions: {}
log4j1 : 2016-09-01 18:00:30 main |  |  |  | INFO  | org.hibernate.cfg.SettingsFactory:248 | - JPA-QL strict compliance: disabled
log4j1 : 2016-09-01 18:00:30 main |  |  |  | INFO  | org.hibernate.cfg.SettingsFactory:253 | - Second-level cache: enabled
log4j1 : 2016-09-01 18:00:30 main |  |  |  | INFO  | org.hibernate.cfg.SettingsFactory:257 | - Query cache: disabled
log4j1 : 2016-09-01 18:00:30 main |  |  |  | INFO  | org.hibernate.cfg.SettingsFactory:382 | - Cache region factory : org.hibernate.cache.impl.NoCachingRegionFactory
log4j1 : 2016-09-01 18:00:30 main |  |  |  | INFO  | org.hibernate.cfg.SettingsFactory:267 | - Optimize cache for minimal puts: disabled
log4j1 : 2016-09-01 18:00:30 main |  |  |  | INFO  | org.hibernate.cfg.SettingsFactory:276 | - Structured second-level cache entries: disabled
log4j1 : 2016-09-01 18:00:30 main |  |  |  | INFO  | org.hibernate.cfg.SettingsFactory:305 | - Statistics: disabled
log4j1 : 2016-09-01 18:00:30 main |  |  |  | INFO  | org.hibernate.cfg.SettingsFactory:309 | - Deleted entity synthetic identifier rollback: disabled
log4j1 : 2016-09-01 18:00:30 main |  |  |  | INFO  | org.hibernate.cfg.SettingsFactory:324 | - Default entity-mode: pojo
log4j1 : 2016-09-01 18:00:30 main |  |  |  | INFO  | org.hibernate.cfg.SettingsFactory:328 | - Named query checking : enabled
log4j1 : 2016-09-01 18:00:30 main |  |  |  | INFO  | org.hibernate.impl.SessionFactoryImpl:193 | - building session factory
log4j1 : 2016-09-01 18:00:30 main |  |  |  | INFO  | org.hibernate.impl.SessionFactoryObjectFactory:105 | - Not binding factory to JNDI, no JNDI name configured
log4j1 : 2016-09-01 18:00:30 main |  |  |  | INFO  | org.hibernate.impl.SessionFactoryImpl:853 | - closing
log4j1 : 2016-09-01 18:01:09 main |  |  |  | INFO  | org.eclipse.jetty.util.log:186 | - Logging initialized @391ms
log4j1 : 2016-09-01 18:01:09 main |  |  |  | INFO  | org.hibernate.cfg.Environment:560 | - Hibernate 3.3.2.GA
log4j1 : 2016-09-01 18:01:09 main |  |  |  | INFO  | org.hibernate.cfg.Environment:593 | - hibernate.properties not found
log4j1 : 2016-09-01 18:01:09 main |  |  |  | INFO  | org.hibernate.cfg.Environment:771 | - Bytecode provider name : javassist
log4j1 : 2016-09-01 18:01:09 main |  |  |  | INFO  | org.hibernate.cfg.Environment:652 | - using JDK 1.4 java.sql.Timestamp handling
log4j1 : 2016-09-01 18:01:09 main |  |  |  | INFO  | org.hibernate.cfg.Configuration:1508 | - configuring from file: hibernate.cfg.xml
log4j1 : 2016-09-01 18:01:09 main |  |  |  | INFO  | org.hibernate.cfg.Configuration:600 | - Reading mappings from resource : com/baseframework/config/hibernate/User.hbm.xml
log4j1 : 2016-09-01 18:01:09 main |  |  |  | INFO  | org.hibernate.cfg.HbmBinder:322 | - Mapping class: com.baseframework.domain.security.core.userdetails.User -> USER
log4j1 : 2016-09-01 18:01:09 main |  |  |  | INFO  | org.hibernate.cfg.Configuration:600 | - Reading mappings from resource : com/baseframework/config/hibernate/Role.hbm.xml
log4j1 : 2016-09-01 18:01:09 main |  |  |  | INFO  | org.hibernate.cfg.HbmBinder:322 | - Mapping class: com.baseframework.domain.security.access.Role -> ROLE
log4j1 : 2016-09-01 18:01:09 main |  |  |  | INFO  | org.hibernate.cfg.HbmBinder:1441 | - Mapping collection: com.baseframework.domain.security.access.Role.functions -> PERMISSION
log4j1 : 2016-09-01 18:01:09 main |  |  |  | INFO  | org.hibernate.cfg.Configuration:600 | - Reading mappings from resource : com/baseframework/config/hibernate/Module.hbm.xml
log4j1 : 2016-09-01 18:01:09 main |  |  |  | INFO  | org.hibernate.cfg.HbmBinder:322 | - Mapping class: com.baseframework.domain.security.access.Module -> MODULE
log4j1 : 2016-09-01 18:01:09 main |  |  |  | INFO  | org.hibernate.cfg.Configuration:600 | - Reading mappings from resource : com/baseframework/config/hibernate/Function.hbm.xml
log4j1 : 2016-09-01 18:01:09 main |  |  |  | INFO  | org.hibernate.cfg.HbmBinder:322 | - Mapping class: com.baseframework.domain.security.access.Function -> function
log4j1 : 2016-09-01 18:01:09 main |  |  |  | INFO  | org.hibernate.cfg.Configuration:600 | - Reading mappings from resource : com/baseframework/config/hibernate/Authenticate.hbm.xml
log4j1 : 2016-09-01 18:01:09 main |  |  |  | INFO  | org.hibernate.cfg.HbmBinder:322 | - Mapping class: com.baseframework.domain.security.access.Authenticate -> PERMISSION
log4j1 : 2016-09-01 18:01:09 main |  |  |  | INFO  | org.hibernate.cfg.Configuration:1589 | - Configured SessionFactory: null
log4j1 : 2016-09-01 18:01:09 main |  |  |  | INFO  | org.hibernate.cfg.HbmBinder:2404 | - Mapping collection: com.baseframework.domain.security.access.Module.functions -> function
log4j1 : 2016-09-01 18:01:09 main |  |  |  | INFO  | org.hibernate.util.NamingHelper:49 | - JNDI InitialContext properties:{}
log4j1 : 2016-09-01 18:01:09 main |  |  |  | INFO  | org.hibernate.connection.DatasourceConnectionProvider:84 | - Using datasource: testDS
log4j1 : 2016-09-01 18:01:09 main |  |  |  | INFO  | org.hibernate.dialect.Dialect:175 | - Using dialect: org.hibernate.dialect.HSQLDialect
log4j1 : 2016-09-01 18:01:09 main |  |  |  | INFO  | org.hibernate.transaction.TransactionFactoryFactory:59 | - Using default transaction strategy (direct JDBC transactions)
log4j1 : 2016-09-01 18:01:09 main |  |  |  | INFO  | org.hibernate.transaction.TransactionManagerLookupFactory:80 | - No TransactionManagerLookup configured (in JTA environment, use of read-write or transactional second-level cache is not recommended)
log4j1 : 2016-09-01 18:01:09 main |  |  |  | INFO  | org.hibernate.cfg.SettingsFactory:161 | - Automatic flush during beforeCompletion(): enabled
log4j1 : 2016-09-01 18:01:09 main |  |  |  | INFO  | org.hibernate.cfg.SettingsFactory:165 | - Automatic session close at end of transaction: disabled
log4j1 : 2016-09-01 18:01:09 main |  |  |  | INFO  | org.hibernate.cfg.SettingsFactory:180 | - Scrollable result sets: disabled
log4j1 : 2016-09-01 18:01:09 main |  |  |  | INFO  | org.hibernate.cfg.SettingsFactory:188 | - JDBC3 getGeneratedKeys(): disabled
log4j1 : 2016-09-01 18:01:09 main |  |  |  | INFO  | org.hibernate.cfg.SettingsFactory:196 | - Connection release mode: on_close
log4j1 : 2016-09-01 18:01:09 main |  |  |  | INFO  | org.hibernate.cfg.SettingsFactory:214 | - Default schema: BASE
log4j1 : 2016-09-01 18:01:09 main |  |  |  | INFO  | org.hibernate.cfg.SettingsFactory:220 | - Maximum outer join fetch depth: 2
log4j1 : 2016-09-01 18:01:09 main |  |  |  | INFO  | org.hibernate.cfg.SettingsFactory:223 | - Default batch fetch size: 1
log4j1 : 2016-09-01 18:01:09 main |  |  |  | INFO  | org.hibernate.cfg.SettingsFactory:227 | - Generate SQL with comments: disabled
log4j1 : 2016-09-01 18:01:09 main |  |  |  | INFO  | org.hibernate.cfg.SettingsFactory:231 | - Order SQL updates by primary key: disabled
log4j1 : 2016-09-01 18:01:09 main |  |  |  | INFO  | org.hibernate.cfg.SettingsFactory:235 | - Order SQL inserts for batching: disabled
log4j1 : 2016-09-01 18:01:09 main |  |  |  | INFO  | org.hibernate.cfg.SettingsFactory:397 | - Query translator: org.hibernate.hql.ast.ASTQueryTranslatorFactory
log4j1 : 2016-09-01 18:01:09 main |  |  |  | INFO  | org.hibernate.hql.ast.ASTQueryTranslatorFactory:47 | - Using ASTQueryTranslatorFactory
log4j1 : 2016-09-01 18:01:09 main |  |  |  | INFO  | org.hibernate.cfg.SettingsFactory:243 | - Query language substitutions: {}
log4j1 : 2016-09-01 18:01:09 main |  |  |  | INFO  | org.hibernate.cfg.SettingsFactory:248 | - JPA-QL strict compliance: disabled
log4j1 : 2016-09-01 18:01:09 main |  |  |  | INFO  | org.hibernate.cfg.SettingsFactory:253 | - Second-level cache: enabled
log4j1 : 2016-09-01 18:01:09 main |  |  |  | INFO  | org.hibernate.cfg.SettingsFactory:257 | - Query cache: disabled
log4j1 : 2016-09-01 18:01:09 main |  |  |  | INFO  | org.hibernate.cfg.SettingsFactory:382 | - Cache region factory : org.hibernate.cache.impl.NoCachingRegionFactory
log4j1 : 2016-09-01 18:01:09 main |  |  |  | INFO  | org.hibernate.cfg.SettingsFactory:267 | - Optimize cache for minimal puts: disabled
log4j1 : 2016-09-01 18:01:09 main |  |  |  | INFO  | org.hibernate.cfg.SettingsFactory:276 | - Structured second-level cache entries: disabled
log4j1 : 2016-09-01 18:01:09 main |  |  |  | INFO  | org.hibernate.cfg.SettingsFactory:305 | - Statistics: disabled
log4j1 : 2016-09-01 18:01:09 main |  |  |  | INFO  | org.hibernate.cfg.SettingsFactory:309 | - Deleted entity synthetic identifier rollback: disabled
log4j1 : 2016-09-01 18:01:09 main |  |  |  | INFO  | org.hibernate.cfg.SettingsFactory:324 | - Default entity-mode: pojo
log4j1 : 2016-09-01 18:01:09 main |  |  |  | INFO  | org.hibernate.cfg.SettingsFactory:328 | - Named query checking : enabled
log4j1 : 2016-09-01 18:01:09 main |  |  |  | INFO  | org.hibernate.impl.SessionFactoryImpl:193 | - building session factory
log4j1 : 2016-09-01 18:01:10 main |  |  |  | INFO  | org.hibernate.impl.SessionFactoryObjectFactory:105 | - Not binding factory to JNDI, no JNDI name configured
log4j1 : 2016-09-01 18:01:10 main |  |  |  | INFO  | org.hibernate.impl.SessionFactoryImpl:853 | - closing
