#
# A fatal error has been detected by the Java Runtime Environment:
#
#  SIGSEGV (0xb) at pc=0x00000001022b6d68, pid=29273, tid=20227
#
# JRE version: Java(TM) SE Runtime Environment (8.0_73-b02) (build 1.8.0_73-b02)
# Java VM: Java HotSpot(TM) 64-Bit Server VM (25.73-b02 mixed mode bsd-amd64 compressed oops)
# Problematic frame:
# C  [libjdwp.dylib+0x21d68]  jvmtiAllocate+0x1d
#
# Failed to write core dump. Core dumps have been disabled. To enable core dumping, try "ulimit -c unlimited" before starting Java again
#
# If you would like to submit a bug report, please visit:
#   http://bugreport.java.com/bugreport/crash.jsp
# The crash happened outside the Java Virtual Machine in native code.
# See problematic frame for where to report the bug.
#

---------------  T H R E A D  ---------------

Current thread (0x00007fdb46002800):  JavaThread "JDWP Command Reader" daemon [_thread_in_native, id=20227, stack(0x000070000d5de000,0x000070000d6de000)]

siginfo: si_signo: 11 (SIGSEGV), si_code: 1 (SEGV_MAPERR), si_addr: 0x0000000000000000

Registers:
RAX=0x0000000000000000, RBX=0x0000000120d1038a, RCX=0x0000000000000009, RDX=0x000070000d6ddb49
RSP=0x000070000d6ddb00, RBP=0x000070000d6ddb30, RSI=0x000000000000f000, RDI=0x0000000000000022
R8 =0x000070000d6ddb49, R9 =0x0000000000000000, R10=0x000000000000002e, R11=0x00007fffc457db7a
R12=0x00000001022bce7a, R13=0x00007fdb45f64d40, R14=0x000000000000000a, R15=0x00000001022bb891
RIP=0x00000001022b6d68, EFLAGS=0x0000000000010206, ERR=0x0000000000000004
  TRAPNO=0x000000000000000e

Top of Stack: (sp=0x000070000d6ddb00)
0x000070000d6ddb00:   0000000000000004 ffffffffffffffe7
0x000070000d6ddb10:   0000000000000000 0000000000000107
0x000070000d6ddb20:   0000000120d1038a 000000000000000a
0x000070000d6ddb30:   000070000d6ddc60 0000000120d0f792
0x000070000d6ddb40:   0000000000000000 6c69662064614268
0x000070000d6ddb50:   6972637365642065 00000000726f7470
0x000070000d6ddb60:   0000000000000000 0000000000000000
0x000070000d6ddb70:   0000000000000000 0000000000000000
0x000070000d6ddb80:   0000000000000000 0000000000000000
0x000070000d6ddb90:   0000000000000000 0000000000000000
0x000070000d6ddba0:   0000000000000000 0000000000000000
0x000070000d6ddbb0:   0000000000000000 0000000000000000
0x000070000d6ddbc0:   0000000000000000 0000000000000000
0x000070000d6ddbd0:   0000000000000000 0000000000000000
0x000070000d6ddbe0:   0000000000000000 0000000000000000
0x000070000d6ddbf0:   0000000000000000 0000000000000000
0x000070000d6ddc00:   0000000000000000 0000000000000000
0x000070000d6ddc10:   0000000000000000 0000000000000000
0x000070000d6ddc20:   0000000000000000 0000000000000000
0x000070000d6ddc30:   0000000000000000 0000000000000000
0x000070000d6ddc40:   0000000000000000 0d34dae2c33500a5
0x000070000d6ddc50:   000070000d6ddce0 00000001022bce95
0x000070000d6ddc60:   000070000d6ddc90 0000000120d0f2ff
0x000070000d6ddc70:   000070000d6ddcb0 00000001022b7a19
0x000070000d6ddc80:   000070000d6ddce0 00000001022bce95
0x000070000d6ddc90:   000070000d6ddcb0 00000001022b3b71
0x000070000d6ddca0:   00000001022bce6e 00000001022bce95
0x000070000d6ddcb0:   000070000d6ddd20 00000001022a39c9
0x000070000d6ddcc0:   0000000000000019 000070000d6ddd00
0x000070000d6ddcd0:   0000000000085001 0000000000004f03
0x000070000d6ddce0:   0000133100000053 0000000000020100
0x000070000d6ddcf0:   00007fdb459b9ed0 00007fdb46002800 

Instructions: (pc=0x00000001022b6d68)
0x00000001022b6d48:   5e 5d c3 55 48 89 e5 41 56 53 48 83 ec 20 85 ff
0x00000001022b6d58:   0f 84 85 00 00 00 48 8b 05 33 18 01 00 48 8b 00
0x00000001022b6d68:   48 8b 08 48 63 f7 48 8d 55 e8 48 89 c7 ff 91 68
0x00000001022b6d78:   01 00 00 85 c0 74 5e 89 c3 89 df e8 66 ce fe ff 

Register to memory mapping:

RAX=0x0000000000000000 is an unknown value
RBX=0x0000000120d1038a: dbgsysConnect+0x2fe in /Library/Java/JavaVirtualMachines/jdk1.8.0_73.jdk/Contents/Home/jre/lib/libdt_socket.dylib at 0x0000000120d0e000
RCX=0x0000000000000009 is an unknown value
RDX=0x000070000d6ddb49 is pointing into the stack for thread: 0x00007fdb46002800
RSP=0x000070000d6ddb00 is pointing into the stack for thread: 0x00007fdb46002800
RBP=0x000070000d6ddb30 is pointing into the stack for thread: 0x00007fdb46002800
RSI=0x000000000000f000 is an unknown value
RDI=0x0000000000000022 is an unknown value
R8 =0x000070000d6ddb49 is pointing into the stack for thread: 0x00007fdb46002800
R9 =0x0000000000000000 is an unknown value
R10=0x000000000000002e is an unknown value
R11=0x00007fffc457db7a: pthread_getspecific+0 in /usr/lib/system/libsystem_pthread.dylib at 0x00007fffc457c000
R12=0x00000001022bce7a: util_initialize+0x25dd in /Library/Java/JavaVirtualMachines/jdk1.8.0_73.jdk/Contents/Home/jre/lib/libjdwp.dylib at 0x0000000102295000
R13=0x00007fdb45f64d40 is an unknown value
R14=0x000000000000000a is an unknown value
R15=0x00000001022bb891: util_initialize+0xff4 in /Library/Java/JavaVirtualMachines/jdk1.8.0_73.jdk/Contents/Home/jre/lib/libjdwp.dylib at 0x0000000102295000


Stack: [0x000070000d5de000,0x000070000d6de000],  sp=0x000070000d6ddb00,  free space=1022k
Native frames: (J=compiled Java code, j=interpreted, Vv=VM code, C=native code)
C  [libjdwp.dylib+0x21d68]  jvmtiAllocate+0x1d
C  [libdt_socket.dylib+0x1792]  setLastError+0x87
C  [libdt_socket.dylib+0x12ff]  socketTransport_readPacket+0x67
C  [libjdwp.dylib+0x1eb71]  transport_receivePacket+0x1a
C  [libjdwp.dylib+0xe9c9]  reader+0x72
V  [libjvm.dylib+0x397138]  JvmtiAgentThread::call_start_function()+0x38
V  [libjvm.dylib+0x561753]  JavaThread::thread_main_inner()+0x9b
V  [libjvm.dylib+0x562e4e]  JavaThread::run()+0x1c2
V  [libjvm.dylib+0x4838a2]  java_start(Thread*)+0xf6
C  [libsystem_pthread.dylib+0x3abb]  _pthread_body+0xb4
C  [libsystem_pthread.dylib+0x3a07]  _pthread_body+0x0
C  [libsystem_pthread.dylib+0x3231]  thread_start+0xd
C  0x0000000000000000


---------------  P R O C E S S  ---------------

Java Threads: ( => current thread )
  0x00007fdb48c25800 JavaThread "process reaper" daemon [_thread_blocked, id=25347, stack(0x000070000c528000,0x000070000c550000)]
  0x00007fdb43868000 JavaThread "Service Thread" daemon [_thread_blocked, id=22787, stack(0x000070000daed000,0x000070000dbed000)]
  0x00007fdb4400e000 JavaThread "C1 CompilerThread3" daemon [_thread_blocked, id=22275, stack(0x000070000d9ea000,0x000070000daea000)]
  0x00007fdb4400d000 JavaThread "C2 CompilerThread2" daemon [_thread_blocked, id=21763, stack(0x000070000d8e7000,0x000070000d9e7000)]
  0x00007fdb4400b800 JavaThread "C2 CompilerThread1" daemon [_thread_blocked, id=21251, stack(0x000070000d7e4000,0x000070000d8e4000)]
  0x00007fdb4382f800 JavaThread "C2 CompilerThread0" daemon [_thread_blocked, id=20739, stack(0x000070000d6e1000,0x000070000d7e1000)]
=>0x00007fdb46002800 JavaThread "JDWP Command Reader" daemon [_thread_in_native, id=20227, stack(0x000070000d5de000,0x000070000d6de000)]
  0x00007fdb45024800 JavaThread "JDWP Event Helper Thread" daemon [_thread_blocked, id=19715, stack(0x000070000d4db000,0x000070000d5db000)]
  0x00007fdb45020000 JavaThread "JDWP Transport Listener: dt_socket" daemon [_thread_blocked, id=19203, stack(0x000070000d3d8000,0x000070000d4d8000)]
  0x00007fdb43836800 JavaThread "Signal Dispatcher" daemon [_thread_blocked, id=18691, stack(0x000070000d2d5000,0x000070000d3d5000)]
  0x00007fdb46000800 JavaThread "Finalizer" daemon [_thread_blocked, id=14595, stack(0x000070000d1d2000,0x000070000d2d2000)]
  0x00007fdb43859800 JavaThread "Reference Handler" daemon [_thread_blocked, id=14083, stack(0x000070000d0cf000,0x000070000d1cf000)]
  0x00007fdb43808800 JavaThread "main" [_thread_blocked, id=7171, stack(0x000070000c6b1000,0x000070000c7b1000)]

Other Threads:
  0x00007fdb45013000 VMThread [stack: 0x000070000cfcc000,0x000070000d0cc000] [id=13571]

VM state:at safepoint (normal execution)

VM Mutex/Monitor currently owned by a thread:  ([mutex/lock_event])
[0x00007fdb43701c00] Threads_lock - owner thread: 0x00007fdb45013000

Heap:
 PSYoungGen      total 248320K, used 11179K [0x000000076ab00000, 0x000000077cb80000, 0x00000007c0000000)
  eden space 225792K, 4% used [0x000000076ab00000,0x000000076b5eac60,0x0000000778780000)
  from space 22528K, 0% used [0x0000000779e00000,0x0000000779e00000,0x000000077b400000)
  to   space 24064K, 0% used [0x000000077b400000,0x000000077b400000,0x000000077cb80000)
 ParOldGen       total 98816K, used 40206K [0x00000006c0000000, 0x00000006c6080000, 0x000000076ab00000)
  object space 98816K, 40% used [0x00000006c0000000,0x00000006c2743b28,0x00000006c6080000)
 Metaspace       used 32972K, capacity 33782K, committed 34176K, reserved 1079296K
  class space    used 3711K, capacity 3943K, committed 3968K, reserved 1048576K

Card table byte_map: [0x000000010474d000,0x0000000104f4e000] byte_map_base: 0x000000010114d000

Marking Bits: (ParMarkBitMap*) 0x0000000103ce3ea0
 Begin Bits: [0x000000011602e000, 0x000000011a02e000)
 End Bits:   [0x000000011a02e000, 0x000000011e02e000)

Polling page: 0x0000000102294000

CodeCache: size=245760Kb used=22549Kb max_used=22611Kb free=223210Kb
 bounds [0x000000010702e000, 0x000000010866e000, 0x000000011602e000]
 total_blobs=6172 nmethods=5758 adapters=335
 compilation: enabled

Compilation events (10 events):
Event: 21.296 Thread 0x00007fdb4400e000 6691       1       org.eclipse.sisu.inject.MildValues$Weak::key (5 bytes)
Event: 21.296 Thread 0x00007fdb4400e000 nmethod 6691 0x0000000107f8c790 code [0x0000000107f8c8e0, 0x0000000107f8c9f0]
Event: 21.296 Thread 0x00007fdb4400e000 6692       3       java.util.concurrent.ConcurrentHashMap$BaseIterator::hasNext (13 bytes)
Event: 21.297 Thread 0x00007fdb4400e000 nmethod 6692 0x0000000107e69c50 code [0x0000000107e69dc0, 0x0000000107e69f70]
Event: 21.298 Thread 0x00007fdb4400e000 6693       3       org.eclipse.sisu.inject.RankedSequence$Content::<init> (20 bytes)
Event: 21.298 Thread 0x00007fdb4400e000 nmethod 6693 0x0000000108618c10 code [0x0000000108618d80, 0x0000000108618f70]
Event: 21.299 Thread 0x00007fdb4400e000 6694       3       java.util.concurrent.ConcurrentHashMap$ValueIterator::next (34 bytes)
Event: 21.299 Thread 0x00007fdb4400e000 nmethod 6694 0x00000001076de0d0 code [0x00000001076de260, 0x00000001076de5b8]
Event: 21.301 Thread 0x00007fdb4400e000 6695       3       org.eclipse.sisu.inject.MildValues$ValueItr::next (27 bytes)
Event: 21.301 Thread 0x00007fdb4400e000 nmethod 6695 0x000000010729a350 code [0x000000010729a4e0, 0x000000010729a818]

GC Heap History (10 events):
Event: 7.810 GC heap before
{Heap before GC invocations=5 (full 0):
 PSYoungGen      total 141824K, used 21404K [0x000000076ab00000, 0x0000000774000000, 0x00000007c0000000)
  eden space 131072K, 8% used [0x000000076ab00000,0x000000076b569ff8,0x0000000772b00000)
  from space 10752K, 99% used [0x0000000773580000,0x0000000773ffd1b0,0x0000000774000000)
  to   space 10752K, 0% used [0x0000000772b00000,0x0000000772b00000,0x0000000773580000)
 ParOldGen       total 175104K, used 2870K [0x00000006c0000000, 0x00000006cab00000, 0x000000076ab00000)
  object space 175104K, 1% used [0x00000006c0000000,0x00000006c02cdaf0,0x00000006cab00000)
 Metaspace       used 20658K, capacity 21132K, committed 21296K, reserved 1069056K
  class space    used 2448K, capacity 2612K, committed 2688K, reserved 1048576K
Event: 7.821 GC heap after
Heap after GC invocations=5 (full 0):
 PSYoungGen      total 141824K, used 10736K [0x000000076ab00000, 0x000000077ca00000, 0x00000007c0000000)
  eden space 131072K, 0% used [0x000000076ab00000,0x000000076ab00000,0x0000000772b00000)
  from space 10752K, 99% used [0x0000000772b00000,0x000000077357c030,0x0000000773580000)
  to   space 15872K, 0% used [0x000000077ba80000,0x000000077ba80000,0x000000077ca00000)
 ParOldGen       total 175104K, used 4955K [0x00000006c0000000, 0x00000006cab00000, 0x000000076ab00000)
  object space 175104K, 2% used [0x00000006c0000000,0x00000006c04d6cf8,0x00000006cab00000)
 Metaspace       used 20658K, capacity 21132K, committed 21296K, reserved 1069056K
  class space    used 2448K, capacity 2612K, committed 2688K, reserved 1048576K
}
Event: 7.822 GC heap before
{Heap before GC invocations=6 (full 1):
 PSYoungGen      total 141824K, used 10736K [0x000000076ab00000, 0x000000077ca00000, 0x00000007c0000000)
  eden space 131072K, 0% used [0x000000076ab00000,0x000000076ab00000,0x0000000772b00000)
  from space 10752K, 99% used [0x0000000772b00000,0x000000077357c030,0x0000000773580000)
  to   space 15872K, 0% used [0x000000077ba80000,0x000000077ba80000,0x000000077ca00000)
 ParOldGen       total 175104K, used 4955K [0x00000006c0000000, 0x00000006cab00000, 0x000000076ab00000)
  object space 175104K, 2% used [0x00000006c0000000,0x00000006c04d6cf8,0x00000006cab00000)
 Metaspace       used 20658K, capacity 21132K, committed 21296K, reserved 1069056K
  class space    used 2448K, capacity 2612K, committed 2688K, reserved 1048576K
Event: 7.871 GC heap after
Heap after GC invocations=6 (full 1):
 PSYoungGen      total 141824K, used 0K [0x000000076ab00000, 0x000000077ca00000, 0x00000007c0000000)
  eden space 131072K, 0% used [0x000000076ab00000,0x000000076ab00000,0x0000000772b00000)
  from space 10752K, 0% used [0x0000000772b00000,0x0000000772b00000,0x0000000773580000)
  to   space 15872K, 0% used [0x000000077ba80000,0x000000077ba80000,0x000000077ca00000)
 ParOldGen       total 98816K, used 13170K [0x00000006c0000000, 0x00000006c6080000, 0x000000076ab00000)
  object space 98816K, 13% used [0x00000006c0000000,0x00000006c0cdc9b8,0x00000006c6080000)
 Metaspace       used 20658K, capacity 21132K, committed 21296K, reserved 1069056K
  class space    used 2448K, capacity 2612K, committed 2688K, reserved 1048576K
}
Event: 9.686 GC heap before
{Heap before GC invocations=7 (full 1):
 PSYoungGen      total 141824K, used 131072K [0x000000076ab00000, 0x000000077ca00000, 0x00000007c0000000)
  eden space 131072K, 100% used [0x000000076ab00000,0x0000000772b00000,0x0000000772b00000)
  from space 10752K, 0% used [0x0000000772b00000,0x0000000772b00000,0x0000000773580000)
  to   space 15872K, 0% used [0x000000077ba80000,0x000000077ba80000,0x000000077ca00000)
 ParOldGen       total 98816K, used 13170K [0x00000006c0000000, 0x00000006c6080000, 0x000000076ab00000)
  object space 98816K, 13% used [0x00000006c0000000,0x00000006c0cdc9b8,0x00000006c6080000)
 Metaspace       used 28162K, capacity 28770K, committed 28928K, reserved 1075200K
  class space    used 3304K, capacity 3474K, committed 3584K, reserved 1048576K
Event: 9.707 GC heap after
Heap after GC invocations=7 (full 1):
 PSYoungGen      total 241664K, used 15862K [0x000000076ab00000, 0x000000077ca00000, 0x00000007c0000000)
  eden space 225792K, 0% used [0x000000076ab00000,0x000000076ab00000,0x0000000778780000)
  from space 15872K, 99% used [0x000000077ba80000,0x000000077c9fd8d8,0x000000077ca00000)
  to   space 22528K, 0% used [0x0000000779e00000,0x0000000779e00000,0x000000077b400000)
 ParOldGen       total 98816K, used 21121K [0x00000006c0000000, 0x00000006c6080000, 0x000000076ab00000)
  object space 98816K, 21% used [0x00000006c0000000,0x00000006c14a0408,0x00000006c6080000)
 Metaspace       used 28162K, capacity 28770K, committed 28928K, reserved 1075200K
  class space    used 3304K, capacity 3474K, committed 3584K, reserved 1048576K
}
Event: 21.071 GC heap before
{Heap before GC invocations=8 (full 1):
 PSYoungGen      total 241664K, used 237895K [0x000000076ab00000, 0x000000077ca00000, 0x00000007c0000000)
  eden space 225792K, 98% used [0x000000076ab00000,0x00000007783d43c0,0x0000000778780000)
  from space 15872K, 99% used [0x000000077ba80000,0x000000077c9fd8d8,0x000000077ca00000)
  to   space 22528K, 0% used [0x0000000779e00000,0x0000000779e00000,0x000000077b400000)
 ParOldGen       total 98816K, used 21121K [0x00000006c0000000, 0x00000006c6080000, 0x000000076ab00000)
  object space 98816K, 21% used [0x00000006c0000000,0x00000006c14a0408,0x00000006c6080000)
 Metaspace       used 33012K, capacity 33886K, committed 34176K, reserved 1079296K
  class space    used 3716K, capacity 3951K, committed 3968K, reserved 1048576K
Event: 21.112 GC heap after
Heap after GC invocations=8 (full 1):
 PSYoungGen      total 248320K, used 22501K [0x000000076ab00000, 0x000000077cb80000, 0x00000007c0000000)
  eden space 225792K, 0% used [0x000000076ab00000,0x000000076ab00000,0x0000000778780000)
  from space 22528K, 99% used [0x0000000779e00000,0x000000077b3f9400,0x000000077b400000)
  to   space 24064K, 0% used [0x000000077b400000,0x000000077b400000,0x000000077cb80000)
 ParOldGen       total 98816K, used 38543K [0x00000006c0000000, 0x00000006c6080000, 0x000000076ab00000)
  object space 98816K, 39% used [0x00000006c0000000,0x00000006c25a3e40,0x00000006c6080000)
 Metaspace       used 33012K, capacity 33886K, committed 34176K, reserved 1079296K
  class space    used 3716K, capacity 3951K, committed 3968K, reserved 1048576K
}
Event: 21.112 GC heap before
{Heap before GC invocations=9 (full 2):
 PSYoungGen      total 248320K, used 22501K [0x000000076ab00000, 0x000000077cb80000, 0x00000007c0000000)
  eden space 225792K, 0% used [0x000000076ab00000,0x000000076ab00000,0x0000000778780000)
  from space 22528K, 99% used [0x0000000779e00000,0x000000077b3f9400,0x000000077b400000)
  to   space 24064K, 0% used [0x000000077b400000,0x000000077b400000,0x000000077cb80000)
 ParOldGen       total 98816K, used 38543K [0x00000006c0000000, 0x00000006c6080000, 0x000000076ab00000)
  object space 98816K, 39% used [0x00000006c0000000,0x00000006c25a3e40,0x00000006c6080000)
 Metaspace       used 33012K, capacity 33886K, committed 34176K, reserved 1079296K
  class space    used 3716K, capacity 3951K, committed 3968K, reserved 1048576K
Event: 21.283 GC heap after
Heap after GC invocations=9 (full 2):
 PSYoungGen      total 248320K, used 0K [0x000000076ab00000, 0x000000077cb80000, 0x00000007c0000000)
  eden space 225792K, 0% used [0x000000076ab00000,0x000000076ab00000,0x0000000778780000)
  from space 22528K, 0% used [0x0000000779e00000,0x0000000779e00000,0x000000077b400000)
  to   space 24064K, 0% used [0x000000077b400000,0x000000077b400000,0x000000077cb80000)
 ParOldGen       total 98816K, used 40206K [0x00000006c0000000, 0x00000006c6080000, 0x000000076ab00000)
  object space 98816K, 40% used [0x00000006c0000000,0x00000006c2743b28,0x00000006c6080000)
 Metaspace       used 32958K, capacity 33782K, committed 34176K, reserved 1079296K
  class space    used 3710K, capacity 3943K, committed 3968K, reserved 1048576K
}

Deoptimization events (10 events):
Event: 21.063 Thread 0x00007fdb43808800 Uncommon trap: reason=unhandled action=none pc=0x0000000107c6141c method=java.net.URLClassLoader.findClass(Ljava/lang/String;)Ljava/lang/Class; @ 44
Event: 21.064 Thread 0x00007fdb43808800 Uncommon trap: reason=unhandled action=none pc=0x0000000107c6141c method=java.net.URLClassLoader.findClass(Ljava/lang/String;)Ljava/lang/Class; @ 44
Event: 21.066 Thread 0x00007fdb43808800 Uncommon trap: reason=unhandled action=none pc=0x0000000107c6141c method=java.net.URLClassLoader.findClass(Ljava/lang/String;)Ljava/lang/Class; @ 44
Event: 21.068 Thread 0x00007fdb43808800 Uncommon trap: reason=unhandled action=none pc=0x0000000107c6141c method=java.net.URLClassLoader.findClass(Ljava/lang/String;)Ljava/lang/Class; @ 44
Event: 21.068 Thread 0x00007fdb43808800 Uncommon trap: reason=unhandled action=none pc=0x0000000107c6141c method=java.net.URLClassLoader.findClass(Ljava/lang/String;)Ljava/lang/Class; @ 44
Event: 21.069 Thread 0x00007fdb43808800 Uncommon trap: reason=unhandled action=none pc=0x0000000107c6141c method=java.net.URLClassLoader.findClass(Ljava/lang/String;)Ljava/lang/Class; @ 44
Event: 21.069 Thread 0x00007fdb43808800 Uncommon trap: reason=unhandled action=none pc=0x0000000107c6141c method=java.net.URLClassLoader.findClass(Ljava/lang/String;)Ljava/lang/Class; @ 44
Event: 21.070 Thread 0x00007fdb43808800 Uncommon trap: reason=class_check action=maybe_recompile pc=0x000000010717067c method=java.lang.Throwable.<init>(Ljava/lang/String;Ljava/lang/Throwable;)V @ 24
Event: 21.297 Thread 0x00007fdb43808800 Uncommon trap: reason=unhandled action=none pc=0x0000000107c6141c method=java.net.URLClassLoader.findClass(Ljava/lang/String;)Ljava/lang/Class; @ 44
Event: 21.297 Thread 0x00007fdb43808800 Uncommon trap: reason=unhandled action=none pc=0x0000000107c6141c method=java.net.URLClassLoader.findClass(Ljava/lang/String;)Ljava/lang/Class; @ 44

Internal exceptions (10 events):
Event: 13.083 Thread 0x00007fdb43808800 Exception <a 'java/lang/ArrayIndexOutOfBoundsException': 37> (0x00000007758ab520) thrown at [/HUDSON3/workspace/8-2-build-macosx-x86_64/jdk8u73/6086/hotspot/src/share/vm/interpreter/interpreterRuntime.cpp, line 366]
Event: 13.083 Thread 0x00007fdb43808800 Exception <a 'java/lang/ArrayIndexOutOfBoundsException': 72> (0x00000007758acb18) thrown at [/HUDSON3/workspace/8-2-build-macosx-x86_64/jdk8u73/6086/hotspot/src/share/vm/interpreter/interpreterRuntime.cpp, line 366]
Event: 13.083 Thread 0x00007fdb43808800 Exception <a 'java/lang/ArrayIndexOutOfBoundsException': 83> (0x00000007758ae250) thrown at [/HUDSON3/workspace/8-2-build-macosx-x86_64/jdk8u73/6086/hotspot/src/share/vm/interpreter/interpreterRuntime.cpp, line 366]
Event: 13.084 Thread 0x00007fdb43808800 Exception <a 'java/lang/ArrayIndexOutOfBoundsException': 83> (0x00000007758afa40) thrown at [/HUDSON3/workspace/8-2-build-macosx-x86_64/jdk8u73/6086/hotspot/src/share/vm/interpreter/interpreterRuntime.cpp, line 366]
Event: 13.130 Thread 0x00007fdb43808800 Exception <a 'java/lang/ArrayIndexOutOfBoundsException': 74> (0x0000000775af2a30) thrown at [/HUDSON3/workspace/8-2-build-macosx-x86_64/jdk8u73/6086/hotspot/src/share/vm/interpreter/interpreterRuntime.cpp, line 366]
Event: 13.132 Thread 0x00007fdb43808800 Exception <a 'java/lang/ArrayIndexOutOfBoundsException': 74> (0x0000000775b186c8) thrown at [/HUDSON3/workspace/8-2-build-macosx-x86_64/jdk8u73/6086/hotspot/src/share/vm/interpreter/interpreterRuntime.cpp, line 366]
Event: 13.132 Thread 0x00007fdb43808800 Exception <a 'java/lang/ArrayIndexOutOfBoundsException': 78> (0x0000000775b2a448) thrown at [/HUDSON3/workspace/8-2-build-macosx-x86_64/jdk8u73/6086/hotspot/src/share/vm/interpreter/interpreterRuntime.cpp, line 366]
Event: 13.441 Thread 0x00007fdb43808800 Exception <a 'java/lang/NoSuchFieldError': method resolution failed> (0x000000077787ea00) thrown at [/HUDSON3/workspace/8-2-build-macosx-x86_64/jdk8u73/6086/hotspot/src/share/vm/prims/methodHandles.cpp, line 1146]
Event: 13.445 Thread 0x00007fdb43808800 Exception <a 'java/lang/NoSuchFieldError': method resolution failed> (0x000000077788c0c0) thrown at [/HUDSON3/workspace/8-2-build-macosx-x86_64/jdk8u73/6086/hotspot/src/share/vm/prims/methodHandles.cpp, line 1146]
Event: 20.639 Thread 0x00007fdb448a7000 Implicit null exception at 0x0000000107733fba to 0x0000000107734895

Events (10 events):
Event: 21.300 Thread 0x00007fdb47e53000 Thread exited: 0x00007fdb47e53000
Event: 21.300 Thread 0x00007fdb493e8800 Thread exited: 0x00007fdb493e8800
Event: 21.300 Thread 0x00007fdb46158800 Thread exited: 0x00007fdb46158800
Event: 21.300 Thread 0x00007fdb44468000 Thread exited: 0x00007fdb44468000
Event: 21.301 Thread 0x00007fdb35000000 Thread added: 0x00007fdb35000000
Event: 21.301 Thread 0x00007fdb35000000 Thread exited: 0x00007fdb35000000
Event: 21.302 Thread 0x00007fdb4400e000 flushing nmethod 0x0000000107e20a50
Event: 21.302 Thread 0x00007fdb4400e000 flushing nmethod 0x0000000107e333d0
Event: 21.302 Thread 0x00007fdb4400e000 flushing nmethod 0x0000000107e44910
Event: 21.302 Executing VM operation: Exit


Dynamic libraries:
0x0000000039f3a000 	/System/Library/Frameworks/Cocoa.framework/Versions/A/Cocoa
0x0000000039f3a000 	/System/Library/Frameworks/Security.framework/Versions/A/Security
0x0000000039f3a000 	/System/Library/Frameworks/ApplicationServices.framework/Versions/A/ApplicationServices
0x0000000039f3a000 	/usr/lib/libz.1.dylib
0x0000000039f3a000 	/usr/lib/libSystem.B.dylib
0x0000000039f3a000 	/usr/lib/libobjc.A.dylib
0x0000000039f3a000 	/System/Library/Frameworks/CoreFoundation.framework/Versions/A/CoreFoundation
0x0000000039f3a000 	/System/Library/Frameworks/Foundation.framework/Versions/C/Foundation
0x0000000039f3a000 	/System/Library/Frameworks/AppKit.framework/Versions/C/AppKit
0x0000000039f3a000 	/System/Library/Frameworks/CoreData.framework/Versions/A/CoreData
0x0000000039f3a000 	/System/Library/PrivateFrameworks/RemoteViewServices.framework/Versions/A/RemoteViewServices
0x0000000039f3a000 	/System/Library/PrivateFrameworks/UIFoundation.framework/Versions/A/UIFoundation
0x0000000039f3a000 	/usr/lib/libenergytrace.dylib
0x0000000039f3a000 	/System/Library/PrivateFrameworks/SkyLight.framework/Versions/A/SkyLight
0x0000000039f3a000 	/System/Library/Frameworks/CoreGraphics.framework/Versions/A/CoreGraphics
0x0000000039f3a000 	/usr/lib/libScreenReader.dylib
0x0000000039f3a000 	/System/Library/Frameworks/Accelerate.framework/Versions/A/Accelerate
0x0000000039f3a000 	/System/Library/Frameworks/IOSurface.framework/Versions/A/IOSurface
0x0000000039f3a000 	/System/Library/Frameworks/AudioToolbox.framework/Versions/A/AudioToolbox
0x0000000039f3a000 	/System/Library/Frameworks/AudioUnit.framework/Versions/A/AudioUnit
0x0000000039f3a000 	/System/Library/PrivateFrameworks/DataDetectorsCore.framework/Versions/A/DataDetectorsCore
0x0000000039f3a000 	/System/Library/PrivateFrameworks/DesktopServicesPriv.framework/Versions/A/DesktopServicesPriv
0x0000000039f3a000 	/System/Library/Frameworks/Carbon.framework/Versions/A/Frameworks/HIToolbox.framework/Versions/A/HIToolbox
0x0000000039f3a000 	/usr/lib/libicucore.A.dylib
0x0000000039f3a000 	/System/Library/Frameworks/QuartzCore.framework/Versions/A/QuartzCore
0x0000000039f3a000 	/System/Library/Frameworks/Carbon.framework/Versions/A/Frameworks/SpeechRecognition.framework/Versions/A/SpeechRecognition
0x0000000039f3a000 	/usr/lib/libauto.dylib
0x0000000039f3a000 	/usr/lib/libxml2.2.dylib
0x0000000039f3a000 	/System/Library/PrivateFrameworks/CoreUI.framework/Versions/A/CoreUI
0x0000000039f3a000 	/System/Library/Frameworks/CoreAudio.framework/Versions/A/CoreAudio
0x0000000039f3a000 	/System/Library/Frameworks/DiskArbitration.framework/Versions/A/DiskArbitration
0x0000000039f3a000 	/usr/lib/liblangid.dylib
0x0000000039f3a000 	/System/Library/PrivateFrameworks/MultitouchSupport.framework/Versions/A/MultitouchSupport
0x0000000039f3a000 	/System/Library/Frameworks/IOKit.framework/Versions/A/IOKit
0x0000000039f3a000 	/usr/lib/libDiagnosticMessagesClient.dylib
0x0000000039f3a000 	/System/Library/Frameworks/CoreServices.framework/Versions/A/CoreServices
0x0000000039f3a000 	/System/Library/PrivateFrameworks/PerformanceAnalysis.framework/Versions/A/PerformanceAnalysis
0x0000000039f3a000 	/System/Library/PrivateFrameworks/GenerationalStorage.framework/Versions/A/GenerationalStorage
0x0000000039f3a000 	/System/Library/Frameworks/OpenGL.framework/Versions/A/OpenGL
0x0000000039f3a000 	/System/Library/Frameworks/CoreImage.framework/Versions/A/CoreImage
0x0000000039f3a000 	/System/Library/Frameworks/CoreText.framework/Versions/A/CoreText
0x0000000039f3a000 	/System/Library/Frameworks/ImageIO.framework/Versions/A/ImageIO
0x0000000039f3a000 	/System/Library/PrivateFrameworks/Backup.framework/Versions/A/Backup
0x0000000039f3a000 	/usr/lib/libarchive.2.dylib
0x0000000039f3a000 	/System/Library/Frameworks/CFNetwork.framework/Versions/A/CFNetwork
0x0000000039f3a000 	/System/Library/Frameworks/SystemConfiguration.framework/Versions/A/SystemConfiguration
0x0000000039f3a000 	/usr/lib/libCRFSuite.dylib
0x0000000039f3a000 	/usr/lib/libc++.1.dylib
0x0000000039f3a000 	/usr/lib/libc++abi.dylib
0x0000000039f3a000 	/usr/lib/system/libcache.dylib
0x0000000039f3a000 	/usr/lib/system/libcommonCrypto.dylib
0x0000000039f3a000 	/usr/lib/system/libcompiler_rt.dylib
0x0000000039f3a000 	/usr/lib/system/libcopyfile.dylib
0x0000000039f3a000 	/usr/lib/system/libcorecrypto.dylib
0x0000000039f3a000 	/usr/lib/system/libdispatch.dylib
0x0000000039f3a000 	/usr/lib/system/libdyld.dylib
0x0000000039f3a000 	/usr/lib/system/libkeymgr.dylib
0x0000000039f3a000 	/usr/lib/system/liblaunch.dylib
0x0000000039f3a000 	/usr/lib/system/libmacho.dylib
0x0000000039f3a000 	/usr/lib/system/libquarantine.dylib
0x0000000039f3a000 	/usr/lib/system/libremovefile.dylib
0x0000000039f3a000 	/usr/lib/system/libsystem_asl.dylib
0x0000000039f3a000 	/usr/lib/system/libsystem_blocks.dylib
0x0000000039f3a000 	/usr/lib/system/libsystem_c.dylib
0x0000000039f3a000 	/usr/lib/system/libsystem_configuration.dylib
0x0000000039f3a000 	/usr/lib/system/libsystem_coreservices.dylib
0x0000000039f3a000 	/usr/lib/system/libsystem_coretls.dylib
0x0000000039f3a000 	/usr/lib/system/libsystem_dnssd.dylib
0x0000000039f3a000 	/usr/lib/system/libsystem_info.dylib
0x0000000039f3a000 	/usr/lib/system/libsystem_kernel.dylib
0x0000000039f3a000 	/usr/lib/system/libsystem_m.dylib
0x0000000039f3a000 	/usr/lib/system/libsystem_malloc.dylib
0x0000000039f3a000 	/usr/lib/system/libsystem_network.dylib
0x0000000039f3a000 	/usr/lib/system/libsystem_networkextension.dylib
0x0000000039f3a000 	/usr/lib/system/libsystem_notify.dylib
0x0000000039f3a000 	/usr/lib/system/libsystem_platform.dylib
0x0000000039f3a000 	/usr/lib/system/libsystem_pthread.dylib
0x0000000039f3a000 	/usr/lib/system/libsystem_sandbox.dylib
0x0000000039f3a000 	/usr/lib/system/libsystem_secinit.dylib
0x0000000039f3a000 	/usr/lib/system/libsystem_symptoms.dylib
0x0000000039f3a000 	/usr/lib/system/libsystem_trace.dylib
0x0000000039f3a000 	/usr/lib/system/libunwind.dylib
0x0000000039f3a000 	/usr/lib/system/libxpc.dylib
0x0000000039f3a000 	/usr/lib/libbsm.0.dylib
0x0000000039f3a000 	/usr/lib/system/libkxld.dylib
0x0000000039f3a000 	/usr/lib/libcoretls.dylib
0x0000000039f3a000 	/usr/lib/libcoretls_cfhelpers.dylib
0x0000000039f3a000 	/usr/lib/libxar.1.dylib
0x0000000039f3a000 	/usr/lib/libsqlite3.dylib
0x0000000039f3a000 	/usr/lib/libpam.2.dylib
0x0000000039f3a000 	/usr/lib/libOpenScriptingUtil.dylib
0x0000000039f3a000 	/usr/lib/libbz2.1.0.dylib
0x0000000039f3a000 	/usr/lib/liblzma.5.dylib
0x0000000039f3a000 	/usr/lib/libnetwork.dylib
0x0000000039f3a000 	/usr/lib/libpcap.A.dylib
0x0000000039f3a000 	/System/Library/Frameworks/CoreServices.framework/Versions/A/Frameworks/FSEvents.framework/Versions/A/FSEvents
0x0000000039f3a000 	/System/Library/Frameworks/CoreServices.framework/Versions/A/Frameworks/CarbonCore.framework/Versions/A/CarbonCore
0x0000000039f3a000 	/System/Library/Frameworks/CoreServices.framework/Versions/A/Frameworks/Metadata.framework/Versions/A/Metadata
0x0000000039f3a000 	/System/Library/Frameworks/CoreServices.framework/Versions/A/Frameworks/OSServices.framework/Versions/A/OSServices
0x0000000039f3a000 	/System/Library/Frameworks/CoreServices.framework/Versions/A/Frameworks/SearchKit.framework/Versions/A/SearchKit
0x0000000039f3a000 	/System/Library/Frameworks/CoreServices.framework/Versions/A/Frameworks/AE.framework/Versions/A/AE
0x0000000039f3a000 	/System/Library/Frameworks/CoreServices.framework/Versions/A/Frameworks/LaunchServices.framework/Versions/A/LaunchServices
0x0000000039f3a000 	/System/Library/Frameworks/CoreServices.framework/Versions/A/Frameworks/DictionaryServices.framework/Versions/A/DictionaryServices
0x0000000039f3a000 	/System/Library/Frameworks/CoreServices.framework/Versions/A/Frameworks/SharedFileList.framework/Versions/A/SharedFileList
0x0000000039f3a000 	/System/Library/Frameworks/NetFS.framework/Versions/A/NetFS
0x0000000039f3a000 	/System/Library/PrivateFrameworks/NetAuth.framework/Versions/A/NetAuth
0x0000000039f3a000 	/System/Library/PrivateFrameworks/login.framework/Versions/A/Frameworks/loginsupport.framework/Versions/A/loginsupport
0x0000000039f3a000 	/System/Library/PrivateFrameworks/TCC.framework/Versions/A/TCC
0x0000000039f3a000 	/usr/lib/libmecabra.dylib
0x0000000039f3a000 	/System/Library/Frameworks/ApplicationServices.framework/Versions/A/Frameworks/ATS.framework/Versions/A/ATS
0x0000000039f3a000 	/System/Library/Frameworks/ApplicationServices.framework/Versions/A/Frameworks/ColorSync.framework/Versions/A/ColorSync
0x0000000039f3a000 	/System/Library/Frameworks/ApplicationServices.framework/Versions/A/Frameworks/HIServices.framework/Versions/A/HIServices
0x0000000039f3a000 	/System/Library/Frameworks/ApplicationServices.framework/Versions/A/Frameworks/LangAnalysis.framework/Versions/A/LangAnalysis
0x0000000039f3a000 	/System/Library/Frameworks/ApplicationServices.framework/Versions/A/Frameworks/PrintCore.framework/Versions/A/PrintCore
0x0000000039f3a000 	/System/Library/Frameworks/ApplicationServices.framework/Versions/A/Frameworks/QD.framework/Versions/A/QD
0x0000000039f3a000 	/System/Library/Frameworks/ApplicationServices.framework/Versions/A/Frameworks/SpeechSynthesis.framework/Versions/A/SpeechSynthesis
0x0000000039f3a000 	/System/Library/Frameworks/Accelerate.framework/Versions/A/Frameworks/vImage.framework/Versions/A/vImage
0x0000000039f3a000 	/System/Library/Frameworks/Accelerate.framework/Versions/A/Frameworks/vecLib.framework/Versions/A/vecLib
0x0000000039f3a000 	/System/Library/Frameworks/Accelerate.framework/Versions/A/Frameworks/vecLib.framework/Versions/A/libvDSP.dylib
0x0000000039f3a000 	/System/Library/Frameworks/Accelerate.framework/Versions/A/Frameworks/vecLib.framework/Versions/A/libBNNS.dylib
0x0000000039f3a000 	/System/Library/Frameworks/Accelerate.framework/Versions/A/Frameworks/vecLib.framework/Versions/A/libQuadrature.dylib
0x0000000039f3a000 	/System/Library/Frameworks/Accelerate.framework/Versions/A/Frameworks/vecLib.framework/Versions/A/libvMisc.dylib
0x0000000039f3a000 	/System/Library/Frameworks/Accelerate.framework/Versions/A/Frameworks/vecLib.framework/Versions/A/libLAPACK.dylib
0x0000000039f3a000 	/System/Library/Frameworks/Accelerate.framework/Versions/A/Frameworks/vecLib.framework/Versions/A/libBLAS.dylib
0x0000000039f3a000 	/System/Library/Frameworks/Accelerate.framework/Versions/A/Frameworks/vecLib.framework/Versions/A/libLinearAlgebra.dylib
0x0000000039f3a000 	/System/Library/Frameworks/Accelerate.framework/Versions/A/Frameworks/vecLib.framework/Versions/A/libSparseBLAS.dylib
0x0000000039f3a000 	/System/Library/Frameworks/ApplicationServices.framework/Versions/A/Frameworks/ATS.framework/Versions/A/Resources/libFontParser.dylib
0x0000000039f3a000 	/System/Library/Frameworks/ApplicationServices.framework/Versions/A/Frameworks/ATS.framework/Versions/A/Resources/libFontRegistry.dylib
0x0000000039f3a000 	/System/Library/Frameworks/ImageIO.framework/Versions/A/Resources/libJPEG.dylib
0x0000000039f3a000 	/System/Library/Frameworks/ImageIO.framework/Versions/A/Resources/libTIFF.dylib
0x0000000039f3a000 	/System/Library/Frameworks/ImageIO.framework/Versions/A/Resources/libPng.dylib
0x0000000039f3a000 	/System/Library/Frameworks/ImageIO.framework/Versions/A/Resources/libGIF.dylib
0x0000000039f3a000 	/System/Library/Frameworks/ImageIO.framework/Versions/A/Resources/libJP2.dylib
0x0000000039f3a000 	/System/Library/Frameworks/ImageIO.framework/Versions/A/Resources/libRadiance.dylib
0x0000000039f3a000 	/usr/lib/libcompression.dylib
0x0000000039f3a000 	/System/Library/PrivateFrameworks/AppleJPEG.framework/Versions/A/AppleJPEG
0x0000000039f3a000 	/usr/lib/libcups.2.dylib
0x0000000039f3a000 	/System/Library/Frameworks/Kerberos.framework/Versions/A/Kerberos
0x0000000039f3a000 	/System/Library/Frameworks/GSS.framework/Versions/A/GSS
0x0000000039f3a000 	/usr/lib/libresolv.9.dylib
0x0000000039f3a000 	/usr/lib/libiconv.2.dylib
0x0000000039f3a000 	/System/Library/PrivateFrameworks/Heimdal.framework/Versions/A/Heimdal
0x0000000039f3a000 	/usr/lib/libheimdal-asn1.dylib
0x0000000039f3a000 	/System/Library/Frameworks/OpenDirectory.framework/Versions/A/OpenDirectory
0x0000000039f3a000 	/System/Library/PrivateFrameworks/CommonAuth.framework/Versions/A/CommonAuth
0x0000000039f3a000 	/System/Library/Frameworks/OpenDirectory.framework/Versions/A/Frameworks/CFOpenDirectory.framework/Versions/A/CFOpenDirectory
0x0000000039f3a000 	/System/Library/Frameworks/SecurityFoundation.framework/Versions/A/SecurityFoundation
0x0000000039f3a000 	/System/Library/PrivateFrameworks/LanguageModeling.framework/Versions/A/LanguageModeling
0x0000000039f3a000 	/usr/lib/libmarisa.dylib
0x0000000039f3a000 	/usr/lib/libChineseTokenizer.dylib
0x0000000039f3a000 	/usr/lib/libcmph.dylib
0x0000000039f3a000 	/System/Library/PrivateFrameworks/CoreEmoji.framework/Versions/A/CoreEmoji
0x0000000039f3a000 	/System/Library/Frameworks/ServiceManagement.framework/Versions/A/ServiceManagement
0x0000000039f3a000 	/usr/lib/libxslt.1.dylib
0x0000000039f3a000 	/System/Library/Frameworks/Carbon.framework/Versions/A/Frameworks/Ink.framework/Versions/A/Ink
0x0000000039f3a000 	/System/Library/PrivateFrameworks/TextureIO.framework/Versions/A/TextureIO
0x0000000039f3a000 	/System/Library/Frameworks/Metal.framework/Versions/A/Metal
0x0000000039f3a000 	/usr/lib/libate.dylib
0x0000000039f3a000 	/System/Library/PrivateFrameworks/GPUCompiler.framework/libmetal_timestamp.dylib
0x0000000039f3a000 	/System/Library/Frameworks/OpenGL.framework/Versions/A/Libraries/libCoreFSCache.dylib
0x0000000039f3a000 	/System/Library/PrivateFrameworks/IOAccelerator.framework/Versions/A/IOAccelerator
0x0000000039f3a000 	/System/Library/Frameworks/CoreVideo.framework/Versions/A/CoreVideo
0x0000000039f3a000 	/usr/lib/libFosl_dynamic.dylib
0x0000000039f3a000 	/System/Library/PrivateFrameworks/MetalPerformanceShaders.framework/Versions/A/MetalPerformanceShaders
0x0000000039f3a000 	/System/Library/PrivateFrameworks/FaceCore.framework/Versions/A/FaceCore
0x0000000039f3a000 	/System/Library/Frameworks/OpenCL.framework/Versions/A/OpenCL
0x0000000039f3a000 	/System/Library/Frameworks/OpenGL.framework/Versions/A/Libraries/libGLU.dylib
0x0000000039f3a000 	/System/Library/Frameworks/OpenGL.framework/Versions/A/Libraries/libGFXShared.dylib
0x0000000039f3a000 	/System/Library/Frameworks/OpenGL.framework/Versions/A/Libraries/libGL.dylib
0x0000000039f3a000 	/System/Library/Frameworks/OpenGL.framework/Versions/A/Libraries/libGLImage.dylib
0x0000000039f3a000 	/System/Library/Frameworks/OpenGL.framework/Versions/A/Libraries/libCVMSPluginSupport.dylib
0x0000000039f3a000 	/System/Library/Frameworks/OpenGL.framework/Versions/A/Libraries/libCoreVMClient.dylib
0x0000000039f3a000 	/System/Library/PrivateFrameworks/CrashReporterSupport.framework/Versions/A/CrashReporterSupport
0x0000000039f3a000 	/System/Library/PrivateFrameworks/Sharing.framework/Versions/A/Sharing
0x0000000039f3a000 	/System/Library/PrivateFrameworks/IconServices.framework/Versions/A/IconServices
0x0000000039f3a000 	/System/Library/PrivateFrameworks/ProtocolBuffer.framework/Versions/A/ProtocolBuffer
0x0000000039f3a000 	/System/Library/PrivateFrameworks/Apple80211.framework/Versions/A/Apple80211
0x0000000039f3a000 	/System/Library/Frameworks/CoreWLAN.framework/Versions/A/CoreWLAN
0x0000000039f3a000 	/System/Library/PrivateFrameworks/CoreUtils.framework/Versions/A/CoreUtils
0x0000000039f3a000 	/System/Library/Frameworks/IOBluetooth.framework/Versions/A/IOBluetooth
0x0000000039f3a000 	/System/Library/PrivateFrameworks/CoreWiFi.framework/Versions/A/CoreWiFi
0x0000000039f3a000 	/System/Library/Frameworks/CoreBluetooth.framework/Versions/A/CoreBluetooth
0x0000000039f3a000 	/System/Library/Frameworks/CoreDisplay.framework/Versions/A/CoreDisplay
0x0000000039f3a000 	/System/Library/PrivateFrameworks/IOPresentment.framework/Versions/A/IOPresentment
0x0000000039f3a000 	/System/Library/PrivateFrameworks/DebugSymbols.framework/Versions/A/DebugSymbols
0x0000000039f3a000 	/System/Library/PrivateFrameworks/CoreSymbolication.framework/Versions/A/CoreSymbolication
0x0000000039f3a000 	/System/Library/PrivateFrameworks/Symbolication.framework/Versions/A/Symbolication
0x0000000039f3a000 	/System/Library/PrivateFrameworks/AppleFSCompression.framework/Versions/A/AppleFSCompression
0x0000000039f3a000 	/System/Library/PrivateFrameworks/SpeechRecognitionCore.framework/Versions/A/SpeechRecognitionCore
0x0000000039f3a000 	/System/Library/PrivateFrameworks/ChunkingLibrary.framework/Versions/A/ChunkingLibrary
0x0000000103400000 	/Library/Java/JavaVirtualMachines/jdk1.8.0_73.jdk/Contents/Home/jre/lib/server/libjvm.dylib
0x0000000039f3a000 	/usr/lib/libstdc++.6.dylib
0x0000000102251000 	/Library/Java/JavaVirtualMachines/jdk1.8.0_73.jdk/Contents/Home/jre/lib/libverify.dylib
0x000000010225f000 	/Library/Java/JavaVirtualMachines/jdk1.8.0_73.jdk/Contents/Home/jre/lib/libjava.dylib
0x0000000102295000 	/Library/Java/JavaVirtualMachines/jdk1.8.0_73.jdk/Contents/Home/jre/lib/libjdwp.dylib
0x00000001022e0000 	/Library/Java/JavaVirtualMachines/jdk1.8.0_73.jdk/Contents/Home/jre/lib/libnpt.dylib
0x00000001022ed000 	/Library/Java/JavaVirtualMachines/jdk1.8.0_73.jdk/Contents/Home/jre/lib/libzip.dylib
0x000000011f3ee000 	/System/Library/Frameworks/JavaVM.framework/Frameworks/JavaRuntimeSupport.framework/JavaRuntimeSupport
0x00000001023ea000 	/System/Library/Frameworks/JavaVM.framework/Versions/A/Frameworks/JavaNativeFoundation.framework/Versions/A/JavaNativeFoundation
0x0000000106f8f000 	/System/Library/Frameworks/JavaVM.framework/Versions/A/JavaVM
0x0000000039f3a000 	/System/Library/Frameworks/Carbon.framework/Versions/A/Carbon
0x000000011f408000 	/System/Library/PrivateFrameworks/JavaLaunching.framework/Versions/A/JavaLaunching
0x0000000039f3a000 	/System/Library/Frameworks/Carbon.framework/Versions/A/Frameworks/CommonPanels.framework/Versions/A/CommonPanels
0x0000000039f3a000 	/System/Library/Frameworks/Carbon.framework/Versions/A/Frameworks/Help.framework/Versions/A/Help
0x0000000039f3a000 	/System/Library/Frameworks/Carbon.framework/Versions/A/Frameworks/ImageCapture.framework/Versions/A/ImageCapture
0x0000000039f3a000 	/System/Library/Frameworks/Carbon.framework/Versions/A/Frameworks/OpenScripting.framework/Versions/A/OpenScripting
0x0000000039f3a000 	/System/Library/Frameworks/Carbon.framework/Versions/A/Frameworks/Print.framework/Versions/A/Print
0x0000000039f3a000 	/System/Library/Frameworks/Carbon.framework/Versions/A/Frameworks/SecurityHI.framework/Versions/A/SecurityHI
0x0000000120d0e000 	/Library/Java/JavaVirtualMachines/jdk1.8.0_73.jdk/Contents/Home/jre/lib/libdt_socket.dylib
0x0000000120e53000 	/Library/Java/JavaVirtualMachines/jdk1.8.0_73.jdk/Contents/Home/jre/lib/libnet.dylib
0x0000000120ed0000 	/Library/Java/JavaVirtualMachines/jdk1.8.0_73.jdk/Contents/Home/jre/lib/libnio.dylib

VM Arguments:
jvm_args: -Dmaven.home=EMBEDDED -Dclassworlds.conf=/Users/mrjayarajj/apple/projects/Workspace/.metadata/.plugins/org.eclipse.m2e.launching/launches/m2conf601010117100752689.tmp -Dmaven.multiModuleProjectDirectory=/Users/mrjayarajj/apple/software/git/Template/TemplateWebApp -Xdebug -Xrunjdwp:transport=dt_socket,server=y,address=5005 -Dfile.encoding=UTF-8 
java_command: org.codehaus.plexus.classworlds.launcher.Launcher -B jetty:stop clean install package jetty:run
java_class_path (initial): /Users/mrjayarajj/eclipse/jee-neon/Eclipse.app/Contents/Eclipse/../../../../../.p2/pool/plugins/org.eclipse.m2e.maven.runtime_1.7.0.20160603-1931/jars/plexus-classworlds-2.5.2.jar
Launcher Type: SUN_STANDARD

Environment Variables:
PATH=/usr/bin:/bin:/usr/sbin:/sbin
SHELL=/bin/bash

Signal Handlers:
SIGSEGV: [libjvm.dylib+0x5a71a5], sa_mask[0]=11111111011111110111111111111111, sa_flags=SA_ONSTACK|SA_RESTART|SA_SIGINFO
SIGBUS: [libjvm.dylib+0x5a71a5], sa_mask[0]=11111111011111110111111111111111, sa_flags=SA_RESTART|SA_SIGINFO
SIGFPE: [libjvm.dylib+0x480eb4], sa_mask[0]=11111111011111110111111111111111, sa_flags=SA_RESTART|SA_SIGINFO
SIGPIPE: [libjvm.dylib+0x480eb4], sa_mask[0]=11111111011111110111111111111111, sa_flags=SA_RESTART|SA_SIGINFO
SIGXFSZ: [libjvm.dylib+0x480eb4], sa_mask[0]=11111111011111110111111111111111, sa_flags=SA_RESTART|SA_SIGINFO
SIGILL: [libjvm.dylib+0x480eb4], sa_mask[0]=11111111011111110111111111111111, sa_flags=SA_RESTART|SA_SIGINFO
SIGUSR1: SIG_DFL, sa_mask[0]=00000000000000000000000000000000, sa_flags=none
SIGUSR2: [libjvm.dylib+0x4809d2], sa_mask[0]=00100000000000000000000000000000, sa_flags=SA_RESTART|SA_SIGINFO
SIGHUP: [libjvm.dylib+0x47efa9], sa_mask[0]=11111111011111110111111111111111, sa_flags=SA_RESTART|SA_SIGINFO
SIGINT: [libjvm.dylib+0x47efa9], sa_mask[0]=11111111011111110111111111111111, sa_flags=SA_RESTART|SA_SIGINFO
SIGTERM: [libjvm.dylib+0x47efa9], sa_mask[0]=11111111011111110111111111111111, sa_flags=SA_RESTART|SA_SIGINFO
SIGQUIT: [libjvm.dylib+0x47efa9], sa_mask[0]=11111111011111110111111111111111, sa_flags=SA_RESTART|SA_SIGINFO


---------------  S Y S T E M  ---------------

OS:Bsduname:Darwin 16.0.0 Darwin Kernel Version 16.0.0: Mon Aug 29 17:56:20 PDT 2016; root:xnu-3789.1.32~3/RELEASE_X86_64 x86_64
rlimit: STACK 8192k, CORE 0k, NPROC 709, NOFILE 10240, AS infinity
load average:2.25 2.23 2.35

CPU:total 8 (4 cores per cpu, 2 threads per core) family 6 model 58 stepping 9, cmov, cx8, fxsr, mmx, sse, sse2, sse3, ssse3, sse4.1, sse4.2, popcnt, avx, aes, clmul, erms, ht, tsc, tscinvbit, tscinv

Memory: 4k page, physical 16777216k(2674448k free)

/proc/meminfo:


vm_info: Java HotSpot(TM) 64-Bit Server VM (25.73-b02) for bsd-amd64 JRE (1.8.0_73-b02), built on Jan 29 2016 15:02:00 by "java_re" with gcc 4.2.1 (Based on Apple Inc. build 5658) (LLVM build 2336.11.00)

time: Wed Nov  2 13:34:48 2016
elapsed time: 21 seconds (0d 0h 0m 21s)

